<?xml version="1.0" encoding="utf-8"?>
<!DOCTYPE coverage SYSTEM "http://cobertura.sourceforge.net/xml/coverage-04.dtd">
<coverage line-rate="0.976744186046512" branch-rate="1" lines-covered="42" lines-valid="43" branches-covered="23" branches-valid="23" complexity="30" version="0" timestamp="1668688395">
  <sources>
    <source>C:\Users\danie\</source>
  </sources>
  <packages>
    <package name="SnakeGameTest" line-rate="0.976744186046512" branch-rate="1" complexity="30">
      <classes>
        <class name="AutoGeneratedProgram" filename="C:\Users\danie\.nuget\packages\microsoft.net.test.sdk\17.1.0\build\netcoreapp2.1\Microsoft.NET.Test.Sdk.Program.cs" line-rate="0" branch-rate="1" complexity="1">
          <methods>
            <method name="Main" signature="(...)" line-rate="0" branch-rate="1" complexity="1">
              <lines>
                <line number="4" hits="0" branch="false" />
              </lines>
            </method>
          </methods>
          <lines>
            <line number="4" hits="0" branch="false" />
          </lines>
        </class>
        <class name="SnakeGameTest.Game" filename="C:\Users\danie\OneDrive\Skrivebord\Skole\2.sem\TST\TST_Assignment4\Snake Game\SnakeGameTest\UnitTest1.cs" line-rate="1" branch-rate="1" complexity="25">
          <methods>
            <method name="get_SnakeSize" signature="()" line-rate="1" branch-rate="1" complexity="1">
              <lines>
                <line number="67" hits="18" branch="false" />
              </lines>
            </method>
            <method name="get_Direction" signature="()" line-rate="1" branch-rate="1" complexity="1">
              <lines>
                <line number="68" hits="34" branch="false" />
              </lines>
            </method>
            <method name="CanMove" signature="(...)" line-rate="1" branch-rate="1" complexity="21">
              <lines>
                <line number="79" hits="16" branch="false" />
                <line number="80" hits="16" branch="true" condition-coverage="100% (21/21)" />
                <line number="81" hits="16" branch="false" />
                <line number="82" hits="1" branch="false" />
                <line number="83" hits="1" branch="false" />
                <line number="84" hits="1" branch="false" />
                <line number="85" hits="1" branch="false" />
                <line number="86" hits="1" branch="false" />
                <line number="87" hits="1" branch="false" />
                <line number="88" hits="1" branch="false" />
                <line number="89" hits="1" branch="false" />
                <line number="90" hits="8" branch="false" />
                <line number="91" hits="16" branch="false" />
                <line number="92" hits="16" branch="false" />
              </lines>
            </method>
            <method name=".ctor" signature="(...)" line-rate="1" branch-rate="1" complexity="2">
              <lines>
                <line number="70" hits="18" branch="false" />
                <line number="71" hits="18" branch="false" />
                <line number="72" hits="18" branch="true" condition-coverage="100% (2/2)" />
                <line number="73" hits="1" branch="false" />
                <line number="75" hits="17" branch="false" />
                <line number="76" hits="17" branch="false" />
                <line number="77" hits="17" branch="false" />
              </lines>
            </method>
          </methods>
          <lines>
            <line number="67" hits="18" branch="false" />
            <line number="68" hits="34" branch="false" />
            <line number="70" hits="18" branch="false" />
            <line number="71" hits="18" branch="false" />
            <line number="72" hits="18" branch="true" condition-coverage="100% (2/2)" />
            <line number="73" hits="1" branch="false" />
            <line number="75" hits="17" branch="false" />
            <line number="76" hits="17" branch="false" />
            <line number="77" hits="17" branch="false" />
            <line number="79" hits="16" branch="false" />
            <line number="80" hits="16" branch="true" condition-coverage="100% (21/21)" />
            <line number="81" hits="16" branch="false" />
            <line number="82" hits="1" branch="false" />
            <line number="83" hits="1" branch="false" />
            <line number="84" hits="1" branch="false" />
            <line number="85" hits="1" branch="false" />
            <line number="86" hits="1" branch="false" />
            <line number="87" hits="1" branch="false" />
            <line number="88" hits="1" branch="false" />
            <line number="89" hits="1" branch="false" />
            <line number="90" hits="8" branch="false" />
            <line number="91" hits="16" branch="false" />
            <line number="92" hits="16" branch="false" />
          </lines>
        </class>
        <class name="SnakeGameTest.Tests" filename="C:\Users\danie\OneDrive\Skrivebord\Skole\2.sem\TST\TST_Assignment4\Snake Game\SnakeGameTest\UnitTest1.cs" line-rate="1" branch-rate="1" complexity="4">
          <methods>
            <method name="SnakeSizeLessThan3" signature="()" line-rate="1" branch-rate="1" complexity="1">
              <lines>
                <line number="16" hits="1" branch="false" />
                <line number="17" hits="1" branch="false" />
                <line number="18" hits="2" branch="false" />
                <line number="19" hits="1" branch="false" />
              </lines>
            </method>
            <method name="TestGameState" signature="()" line-rate="1" branch-rate="1" complexity="1">
              <lines>
                <line number="23" hits="1" branch="false" />
                <line number="24" hits="1" branch="false" />
                <line number="25" hits="1" branch="false" />
                <line number="27" hits="1" branch="false" />
                <line number="29" hits="1" branch="false" />
                <line number="30" hits="1" branch="false" />
                <line number="31" hits="1" branch="false" />
              </lines>
            </method>
            <method name="PlayerMakesMove_InvalidMovement_ReturnsFalse" signature="(...)" line-rate="1" branch-rate="1" complexity="1">
              <lines>
                <line number="43" hits="8" branch="false" />
                <line number="44" hits="8" branch="false" />
                <line number="45" hits="8" branch="false" />
                <line number="46" hits="8" branch="false" />
              </lines>
            </method>
            <method name="PlayerMakesMove_ValidMovement_ReturnsTrue" signature="(...)" line-rate="1" branch-rate="1" complexity="1">
              <lines>
                <line number="59" hits="8" branch="false" />
                <line number="60" hits="8" branch="false" />
                <line number="61" hits="8" branch="false" />
                <line number="62" hits="8" branch="false" />
              </lines>
            </method>
          </methods>
          <lines>
            <line number="16" hits="1" branch="false" />
            <line number="17" hits="1" branch="false" />
            <line number="18" hits="2" branch="false" />
            <line number="19" hits="1" branch="false" />
            <line number="23" hits="1" branch="false" />
            <line number="24" hits="1" branch="false" />
            <line number="25" hits="1" branch="false" />
            <line number="27" hits="1" branch="false" />
            <line number="29" hits="1" branch="false" />
            <line number="30" hits="1" branch="false" />
            <line number="31" hits="1" branch="false" />
            <line number="43" hits="8" branch="false" />
            <line number="44" hits="8" branch="false" />
            <line number="45" hits="8" branch="false" />
            <line number="46" hits="8" branch="false" />
            <line number="59" hits="8" branch="false" />
            <line number="60" hits="8" branch="false" />
            <line number="61" hits="8" branch="false" />
            <line number="62" hits="8" branch="false" />
          </lines>
        </class>
      </classes>
    </package>
  </packages>
</coverage>