TpTrace Verbose: 0 : 27268, 1, 2022/11/17, 12:33:14.685, 147594508340, vstest.console.dll, Version: 17.3.0 Current process architecture: X64
TpTrace Verbose: 0 : 27268, 1, 2022/11/17, 12:33:14.686, 147594520763, vstest.console.dll, Runtime location: C:\Program Files\dotnet\shared\Microsoft.NETCore.App\6.0.9
TpTrace Information: 0 : 27268, 1, 2022/11/17, 12:33:14.690, 147594559310, vstest.console.dll, FilePatternParser: The given file C:\Users\danie\OneDrive\Skrivebord\Skole\2.sem\TST\TST_Assignment4\Snake Game\SnakeGameTest\bin\Debug\net6.0\fine-code-coverage\build-output\SnakeGameTest.dll is a full path.
TpTrace Verbose: 0 : 27268, 1, 2022/11/17, 12:33:14.694, 147594597793, vstest.console.dll, TestPluginCache.DiscoverTestExtensions: finding test extensions in assemblies ends with: RuntimeProvider.dll TPluginInfo: Microsoft.VisualStudio.TestPlatform.Common.ExtensionFramework.Utilities.TestRuntimePluginInformation TExtension: Microsoft.VisualStudio.TestPlatform.ObjectModel.Host.ITestRuntimeProvider
TpTrace Verbose: 0 : 27268, 1, 2022/11/17, 12:33:14.694, 147594599158, vstest.console.dll, TestPluginCache.GetExtensionPaths: Filtered extension paths: 
TpTrace Verbose: 0 : 27268, 1, 2022/11/17, 12:33:14.694, 147594599697, vstest.console.dll, TestPluginCache.GetExtensionPaths: Added default extension paths: C:\Program Files\dotnet\sdk\6.0.401\Extensions\Microsoft.Diagnostics.NETCore.Client.dll
C:\Program Files\dotnet\sdk\6.0.401\Extensions\Microsoft.TestPlatform.Extensions.BlameDataCollector.dll
C:\Program Files\dotnet\sdk\6.0.401\Extensions\Microsoft.TestPlatform.Extensions.EventLogCollector.dll
C:\Program Files\dotnet\sdk\6.0.401\Extensions\Microsoft.TestPlatform.TestHostRuntimeProvider.dll
C:\Program Files\dotnet\sdk\6.0.401\Extensions\Microsoft.VisualStudio.TestPlatform.Extensions.Html.TestLogger.dll
C:\Program Files\dotnet\sdk\6.0.401\Extensions\Microsoft.VisualStudio.TestPlatform.Extensions.Trx.TestLogger.dll
TpTrace Verbose: 0 : 27268, 1, 2022/11/17, 12:33:14.694, 147594599938, vstest.console.dll, TestPluginCache.GetExtensionPaths: Added unfilterableExtensionPaths: 
TpTrace Information: 0 : 27268, 1, 2022/11/17, 12:33:14.695, 147594603963, vstest.console.dll, AssemblyResolver.ctor: Creating AssemblyResolver with searchDirectories C:\Program Files\dotnet\sdk\6.0.401\Extensions,C:\Program Files\dotnet\sdk\6.0.401
TpTrace Verbose: 0 : 27268, 1, 2022/11/17, 12:33:14.695, 147594608893, vstest.console.dll, TestPluginCache.DiscoverTestExtensions: Discovering the extensions using extension path.
TpTrace Verbose: 0 : 27268, 1, 2022/11/17, 12:33:14.695, 147594609601, vstest.console.dll, TestPluginCache.GetExtensionPaths: Filtered extension paths: 
TpTrace Verbose: 0 : 27268, 1, 2022/11/17, 12:33:14.695, 147594609895, vstest.console.dll, TestPluginCache.GetExtensionPaths: Added default extension paths: C:\Program Files\dotnet\sdk\6.0.401\Extensions\Microsoft.Diagnostics.NETCore.Client.dll
C:\Program Files\dotnet\sdk\6.0.401\Extensions\Microsoft.TestPlatform.Extensions.BlameDataCollector.dll
C:\Program Files\dotnet\sdk\6.0.401\Extensions\Microsoft.TestPlatform.Extensions.EventLogCollector.dll
C:\Program Files\dotnet\sdk\6.0.401\Extensions\Microsoft.TestPlatform.TestHostRuntimeProvider.dll
C:\Program Files\dotnet\sdk\6.0.401\Extensions\Microsoft.VisualStudio.TestPlatform.Extensions.Html.TestLogger.dll
C:\Program Files\dotnet\sdk\6.0.401\Extensions\Microsoft.VisualStudio.TestPlatform.Extensions.Trx.TestLogger.dll
TpTrace Verbose: 0 : 27268, 1, 2022/11/17, 12:33:14.695, 147594610100, vstest.console.dll, TestPluginCache.GetExtensionPaths: Added unfilterableExtensionPaths: 
TpTrace Verbose: 0 : 27268, 1, 2022/11/17, 12:33:14.695, 147594610604, vstest.console.dll, TestPluginCache.DiscoverTestExtensions: Discovering the extensions using allExtensionPaths: C:\Program Files\dotnet\sdk\6.0.401\Extensions\Microsoft.Diagnostics.NETCore.Client.dll
C:\Program Files\dotnet\sdk\6.0.401\Extensions\Microsoft.TestPlatform.Extensions.BlameDataCollector.dll
C:\Program Files\dotnet\sdk\6.0.401\Extensions\Microsoft.TestPlatform.Extensions.EventLogCollector.dll
C:\Program Files\dotnet\sdk\6.0.401\Extensions\Microsoft.TestPlatform.TestHostRuntimeProvider.dll
C:\Program Files\dotnet\sdk\6.0.401\Extensions\Microsoft.VisualStudio.TestPlatform.Extensions.Html.TestLogger.dll
C:\Program Files\dotnet\sdk\6.0.401\Extensions\Microsoft.VisualStudio.TestPlatform.Extensions.Trx.TestLogger.dll
TpTrace Information: 0 : 27268, 1, 2022/11/17, 12:33:14.695, 147594611713, vstest.console.dll, AssemblyResolver.AddSearchDirectories: Adding more searchDirectories C:\Program Files\dotnet\sdk\6.0.401\Extensions,C:\Program Files\dotnet\sdk\6.0.401
TpTrace Information: 0 : 27268, 1, 2022/11/17, 12:33:14.695, 147594612103, vstest.console.dll, AssemblyResolver.AddSearchDirectories: Adding more searchDirectories C:\Program Files\dotnet\sdk\6.0.401\Extensions,C:\Program Files\dotnet\sdk\6.0.401
TpTrace Information: 0 : 27268, 1, 2022/11/17, 12:33:14.695, 147594612325, vstest.console.dll, AssemblyResolver.AddSearchDirectories: Adding more searchDirectories C:\Program Files\dotnet\sdk\6.0.401\Extensions,C:\Program Files\dotnet\sdk\6.0.401
TpTrace Information: 0 : 27268, 1, 2022/11/17, 12:33:14.695, 147594612524, vstest.console.dll, AssemblyResolver.AddSearchDirectories: Adding more searchDirectories C:\Program Files\dotnet\sdk\6.0.401\Extensions,C:\Program Files\dotnet\sdk\6.0.401
TpTrace Information: 0 : 27268, 1, 2022/11/17, 12:33:14.695, 147594612748, vstest.console.dll, AssemblyResolver.AddSearchDirectories: Adding more searchDirectories C:\Program Files\dotnet\sdk\6.0.401\Extensions,C:\Program Files\dotnet\sdk\6.0.401
TpTrace Information: 0 : 27268, 1, 2022/11/17, 12:33:14.696, 147594612947, vstest.console.dll, AssemblyResolver.AddSearchDirectories: Adding more searchDirectories C:\Program Files\dotnet\sdk\6.0.401\Extensions,C:\Program Files\dotnet\sdk\6.0.401
TpTrace Information: 0 : 27268, 1, 2022/11/17, 12:33:14.696, 147594615125, vstest.console.dll, AssemblyResolver.OnResolve: Microsoft.Diagnostics.NETCore.Client: Resolving assembly.
TpTrace Information: 0 : 27268, 1, 2022/11/17, 12:33:14.696, 147594615557, vstest.console.dll, AssemblyResolver.OnResolve: Microsoft.Diagnostics.NETCore.Client: Searching in: 'C:\Program Files\dotnet\sdk\6.0.401\Extensions'.
TpTrace Information: 0 : 27268, 1, 2022/11/17, 12:33:14.696, 147594621116, vstest.console.dll, AssemblyResolver.OnResolve: Microsoft.Diagnostics.NETCore.Client: Loading assembly 'C:\Program Files\dotnet\sdk\6.0.401\Extensions\Microsoft.Diagnostics.NETCore.Client.dll'.
TpTrace Information: 0 : 27268, 1, 2022/11/17, 12:33:14.697, 147594625670, vstest.console.dll, AssemblyResolver.OnResolve: Resolved assembly: Microsoft.Diagnostics.NETCore.Client, from path: C:\Program Files\dotnet\sdk\6.0.401\Extensions\Microsoft.Diagnostics.NETCore.Client.dll
TpTrace Verbose: 0 : 27268, 1, 2022/11/17, 12:33:14.700, 147594654434, vstest.console.dll, MetadataReaderExtensionsHelper: Discovering extensions inside assembly 'Microsoft.Diagnostics.NETCore.Client, Version=0.2.5.801, Culture=neutral, PublicKeyToken=31bf3856ad364e35' file path 'C:\Program Files\dotnet\sdk\6.0.401\Extensions\Microsoft.Diagnostics.NETCore.Client.dll'
TpTrace Information: 0 : 27268, 1, 2022/11/17, 12:33:14.706, 147594720165, vstest.console.dll, AssemblyResolver.OnResolve: Microsoft.Bcl.AsyncInterfaces: Resolving assembly.
TpTrace Information: 0 : 27268, 1, 2022/11/17, 12:33:14.706, 147594720919, vstest.console.dll, AssemblyResolver.OnResolve: Microsoft.Bcl.AsyncInterfaces: Searching in: 'C:\Program Files\dotnet\sdk\6.0.401\Extensions'.
TpTrace Information: 0 : 27268, 1, 2022/11/17, 12:33:14.706, 147594721524, vstest.console.dll, AssemblyResolver.OnResolve: Microsoft.Bcl.AsyncInterfaces: Assembly path does not exist: 'C:\Program Files\dotnet\sdk\6.0.401\Extensions\Microsoft.Bcl.AsyncInterfaces.dll', returning.
TpTrace Information: 0 : 27268, 1, 2022/11/17, 12:33:14.706, 147594721958, vstest.console.dll, AssemblyResolver.OnResolve: Microsoft.Bcl.AsyncInterfaces: Assembly path does not exist: 'C:\Program Files\dotnet\sdk\6.0.401\Extensions\Microsoft.Bcl.AsyncInterfaces.exe', returning.
TpTrace Information: 0 : 27268, 1, 2022/11/17, 12:33:14.706, 147594722583, vstest.console.dll, AssemblyResolver.OnResolve: Microsoft.Bcl.AsyncInterfaces: Searching in: 'C:\Program Files\dotnet\sdk\6.0.401'.
TpTrace Information: 0 : 27268, 1, 2022/11/17, 12:33:14.707, 147594723092, vstest.console.dll, AssemblyResolver.OnResolve: Microsoft.Bcl.AsyncInterfaces: Assembly path does not exist: 'C:\Program Files\dotnet\sdk\6.0.401\Microsoft.Bcl.AsyncInterfaces.dll', returning.
TpTrace Information: 0 : 27268, 1, 2022/11/17, 12:33:14.707, 147594723509, vstest.console.dll, AssemblyResolver.OnResolve: Microsoft.Bcl.AsyncInterfaces: Assembly path does not exist: 'C:\Program Files\dotnet\sdk\6.0.401\Microsoft.Bcl.AsyncInterfaces.exe', returning.
TpTrace Information: 0 : 27268, 1, 2022/11/17, 12:33:14.707, 147594723711, vstest.console.dll, AssemblyResolver.OnResolve: Microsoft.Bcl.AsyncInterfaces: Failed to load assembly.
TpTrace Verbose: 0 : 27268, 1, 2022/11/17, 12:33:14.707, 147594723998, vstest.console.dll, CurrentDomainAssemblyResolve: Resolving assembly 'Microsoft.Bcl.AsyncInterfaces'.
TpTrace Information: 0 : 27268, 1, 2022/11/17, 12:33:14.707, 147594724451, vstest.console.dll, AssemblyResolver.OnResolve: Microsoft.Bcl.AsyncInterfaces: Resolving assembly.
TpTrace Information: 0 : 27268, 1, 2022/11/17, 12:33:14.707, 147594724716, vstest.console.dll, AssemblyResolver.OnResolve: Microsoft.Bcl.AsyncInterfaces: Resolved from cache.
TpTrace Verbose: 0 : 27268, 1, 2022/11/17, 12:33:14.707, 147594724923, vstest.console.dll, CurrentDomainAssemblyResolve: Resolving assembly 'Microsoft.Bcl.AsyncInterfaces'.
TpTrace Verbose: 0 : 27268, 1, 2022/11/17, 12:33:14.707, 147594725155, vstest.console.dll, CurrentDomainAssemblyResolve: Failed to resolve assembly 'Microsoft.Bcl.AsyncInterfaces'.
TpTrace Verbose: 0 : 27268, 1, 2022/11/17, 12:33:14.707, 147594728612, vstest.console.dll, CurrentDomainAssemblyResolve: Failed to resolve assembly 'Microsoft.Bcl.AsyncInterfaces'.
TpTrace Warning: 0 : 27268, 1, 2022/11/17, 12:33:14.714, 147594802124, vstest.console.dll, TestPluginDiscoverer: Failed to get types from assembly 'Microsoft.Diagnostics.NETCore.Client, Version=0.2.5.801, Culture=neutral, PublicKeyToken=31bf3856ad364e35'. Error: System.Reflection.ReflectionTypeLoadException: Unable to load one or more of the requested types.
Could not load file or assembly 'Microsoft.Bcl.AsyncInterfaces, Version=1.0.0.0, Culture=neutral, PublicKeyToken=cc7b13ffcd2ddd51'. The system cannot find the file specified.
   at System.Reflection.RuntimeModule.GetTypes(RuntimeModule module)
   at System.Reflection.Assembly.GetTypes()
   at Microsoft.VisualStudio.TestPlatform.Common.ExtensionFramework.TestPluginDiscoverer.GetTestExtensionsFromAssembly[TPluginInfo,TExtension](Assembly assembly, Dictionary`2 pluginInfos, String filePath)
System.IO.FileNotFoundException: Could not load file or assembly 'Microsoft.Bcl.AsyncInterfaces, Version=1.0.0.0, Culture=neutral, PublicKeyToken=cc7b13ffcd2ddd51'. The system cannot find the file specified.
File name: 'Microsoft.Bcl.AsyncInterfaces, Version=1.0.0.0, Culture=neutral, PublicKeyToken=cc7b13ffcd2ddd51'
 ---> System.IO.FileNotFoundException: Could not load file or assembly 'Microsoft.Bcl.AsyncInterfaces, Culture=neutral, PublicKeyToken=null'. The system cannot find the file specified.
File name: 'Microsoft.Bcl.AsyncInterfaces, Culture=neutral, PublicKeyToken=null'
   at System.Reflection.RuntimeAssembly.InternalLoad(ObjectHandleOnStack assemblyName, ObjectHandleOnStack requestingAssembly, StackCrawlMarkHandle stackMark, Boolean throwOnFileNotFound, ObjectHandleOnStack assemblyLoadContext, ObjectHandleOnStack retAssembly)
   at System.Reflection.RuntimeAssembly.InternalLoad(AssemblyName assemblyName, RuntimeAssembly requestingAssembly, StackCrawlMark& stackMark, Boolean throwOnFileNotFound, AssemblyLoadContext assemblyLoadContext)
   at System.Reflection.Assembly.Load(AssemblyName assemblyRef)
   at Microsoft.VisualStudio.TestPlatform.Common.ExtensionFramework.TestPluginCache.CurrentDomainAssemblyResolve(Object sender, AssemblyResolveEventArgs args)
   at Microsoft.VisualStudio.TestPlatform.PlatformAbstractions.PlatformAssemblyResolver.AssemblyResolverEvent(Object sender, Object eventArgs)
   at System.Runtime.Loader.AssemblyLoadContext.GetFirstResolvedAssemblyFromResolvingEvent(AssemblyName assemblyName)
   at System.Runtime.Loader.AssemblyLoadContext.ResolveUsingEvent(AssemblyName assemblyName)
   at System.Runtime.Loader.AssemblyLoadContext.ResolveUsingResolvingEvent(IntPtr gchManagedAssemblyLoadContext, AssemblyName assemblyName)
TpTrace Warning: 0 : 27268, 1, 2022/11/17, 12:33:14.715, 147594804805, vstest.console.dll, LoaderExceptions: System.IO.FileNotFoundException: Could not load file or assembly 'Microsoft.Bcl.AsyncInterfaces, Version=1.0.0.0, Culture=neutral, PublicKeyToken=cc7b13ffcd2ddd51'. The system cannot find the file specified.
File name: 'Microsoft.Bcl.AsyncInterfaces, Version=1.0.0.0, Culture=neutral, PublicKeyToken=cc7b13ffcd2ddd51'
 ---> System.IO.FileNotFoundException: Could not load file or assembly 'Microsoft.Bcl.AsyncInterfaces, Culture=neutral, PublicKeyToken=null'. The system cannot find the file specified.
File name: 'Microsoft.Bcl.AsyncInterfaces, Culture=neutral, PublicKeyToken=null'
   at System.Reflection.RuntimeAssembly.InternalLoad(ObjectHandleOnStack assemblyName, ObjectHandleOnStack requestingAssembly, StackCrawlMarkHandle stackMark, Boolean throwOnFileNotFound, ObjectHandleOnStack assemblyLoadContext, ObjectHandleOnStack retAssembly)
   at System.Reflection.RuntimeAssembly.InternalLoad(AssemblyName assemblyName, RuntimeAssembly requestingAssembly, StackCrawlMark& stackMark, Boolean throwOnFileNotFound, AssemblyLoadContext assemblyLoadContext)
   at System.Reflection.Assembly.Load(AssemblyName assemblyRef)
   at Microsoft.VisualStudio.TestPlatform.Common.ExtensionFramework.TestPluginCache.CurrentDomainAssemblyResolve(Object sender, AssemblyResolveEventArgs args)
   at Microsoft.VisualStudio.TestPlatform.PlatformAbstractions.PlatformAssemblyResolver.AssemblyResolverEvent(Object sender, Object eventArgs)
   at System.Runtime.Loader.AssemblyLoadContext.GetFirstResolvedAssemblyFromResolvingEvent(AssemblyName assemblyName)
   at System.Runtime.Loader.AssemblyLoadContext.ResolveUsingEvent(AssemblyName assemblyName)
   at System.Runtime.Loader.AssemblyLoadContext.ResolveUsingResolvingEvent(IntPtr gchManagedAssemblyLoadContext, AssemblyName assemblyName)
TpTrace Information: 0 : 27268, 1, 2022/11/17, 12:33:14.715, 147594805868, vstest.console.dll, AssemblyResolver.OnResolve: Microsoft.TestPlatform.Extensions.BlameDataCollector: Resolving assembly.
TpTrace Information: 0 : 27268, 1, 2022/11/17, 12:33:14.715, 147594806247, vstest.console.dll, AssemblyResolver.OnResolve: Microsoft.TestPlatform.Extensions.BlameDataCollector: Searching in: 'C:\Program Files\dotnet\sdk\6.0.401\Extensions'.
TpTrace Information: 0 : 27268, 1, 2022/11/17, 12:33:14.715, 147594809059, vstest.console.dll, AssemblyResolver.OnResolve: Microsoft.TestPlatform.Extensions.BlameDataCollector: Loading assembly 'C:\Program Files\dotnet\sdk\6.0.401\Extensions\Microsoft.TestPlatform.Extensions.BlameDataCollector.dll'.
TpTrace Information: 0 : 27268, 1, 2022/11/17, 12:33:14.715, 147594812295, vstest.console.dll, AssemblyResolver.OnResolve: Resolved assembly: Microsoft.TestPlatform.Extensions.BlameDataCollector, from path: C:\Program Files\dotnet\sdk\6.0.401\Extensions\Microsoft.TestPlatform.Extensions.BlameDataCollector.dll
TpTrace Verbose: 0 : 27268, 1, 2022/11/17, 12:33:14.715, 147594812766, vstest.console.dll, MetadataReaderExtensionsHelper: Discovering extensions inside assembly 'Microsoft.TestPlatform.Extensions.BlameDataCollector, Version=15.0.0.0, Culture=neutral, PublicKeyToken=b03f5f7f11d50a3a' file path 'C:\Program Files\dotnet\sdk\6.0.401\Extensions\Microsoft.TestPlatform.Extensions.BlameDataCollector.dll'
TpTrace Information: 0 : 27268, 1, 2022/11/17, 12:33:14.716, 147594821797, vstest.console.dll, AssemblyResolver.OnResolve: Microsoft.TestPlatform.Extensions.EventLogCollector: Resolving assembly.
TpTrace Information: 0 : 27268, 1, 2022/11/17, 12:33:14.716, 147594822578, vstest.console.dll, AssemblyResolver.OnResolve: Microsoft.TestPlatform.Extensions.EventLogCollector: Searching in: 'C:\Program Files\dotnet\sdk\6.0.401\Extensions'.
TpTrace Information: 0 : 27268, 1, 2022/11/17, 12:33:14.717, 147594825103, vstest.console.dll, AssemblyResolver.OnResolve: Microsoft.TestPlatform.Extensions.EventLogCollector: Loading assembly 'C:\Program Files\dotnet\sdk\6.0.401\Extensions\Microsoft.TestPlatform.Extensions.EventLogCollector.dll'.
TpTrace Information: 0 : 27268, 1, 2022/11/17, 12:33:14.717, 147594827930, vstest.console.dll, AssemblyResolver.OnResolve: Resolved assembly: Microsoft.TestPlatform.Extensions.EventLogCollector, from path: C:\Program Files\dotnet\sdk\6.0.401\Extensions\Microsoft.TestPlatform.Extensions.EventLogCollector.dll
TpTrace Verbose: 0 : 27268, 1, 2022/11/17, 12:33:14.717, 147594828387, vstest.console.dll, MetadataReaderExtensionsHelper: Discovering extensions inside assembly 'Microsoft.TestPlatform.Extensions.EventLogCollector, Version=15.0.0.0, Culture=neutral, PublicKeyToken=b03f5f7f11d50a3a' file path 'C:\Program Files\dotnet\sdk\6.0.401\Extensions\Microsoft.TestPlatform.Extensions.EventLogCollector.dll'
TpTrace Information: 0 : 27268, 1, 2022/11/17, 12:33:14.718, 147594838739, vstest.console.dll, AssemblyResolver.OnResolve: Microsoft.TestPlatform.TestHostRuntimeProvider: Resolving assembly.
TpTrace Information: 0 : 27268, 1, 2022/11/17, 12:33:14.718, 147594839120, vstest.console.dll, AssemblyResolver.OnResolve: Microsoft.TestPlatform.TestHostRuntimeProvider: Searching in: 'C:\Program Files\dotnet\sdk\6.0.401\Extensions'.
TpTrace Information: 0 : 27268, 1, 2022/11/17, 12:33:14.718, 147594841442, vstest.console.dll, AssemblyResolver.OnResolve: Microsoft.TestPlatform.TestHostRuntimeProvider: Loading assembly 'C:\Program Files\dotnet\sdk\6.0.401\Extensions\Microsoft.TestPlatform.TestHostRuntimeProvider.dll'.
TpTrace Information: 0 : 27268, 1, 2022/11/17, 12:33:14.719, 147594844510, vstest.console.dll, AssemblyResolver.OnResolve: Resolved assembly: Microsoft.TestPlatform.TestHostRuntimeProvider, from path: C:\Program Files\dotnet\sdk\6.0.401\Extensions\Microsoft.TestPlatform.TestHostRuntimeProvider.dll
TpTrace Verbose: 0 : 27268, 1, 2022/11/17, 12:33:14.719, 147594844928, vstest.console.dll, MetadataReaderExtensionsHelper: Discovering extensions inside assembly 'Microsoft.TestPlatform.TestHostRuntimeProvider, Version=15.0.0.0, Culture=neutral, PublicKeyToken=b03f5f7f11d50a3a' file path 'C:\Program Files\dotnet\sdk\6.0.401\Extensions\Microsoft.TestPlatform.TestHostRuntimeProvider.dll'
TpTrace Information: 0 : 27268, 1, 2022/11/17, 12:33:14.720, 147594856151, vstest.console.dll, GetTestExtensionFromType: Register extension with identifier data 'HostProvider://DefaultTestHost' and type 'Microsoft.VisualStudio.TestPlatform.CrossPlatEngine.Hosting.DefaultTestHostManager, Microsoft.TestPlatform.TestHostRuntimeProvider, Version=15.0.0.0, Culture=neutral, PublicKeyToken=b03f5f7f11d50a3a' inside file 'C:\Program Files\dotnet\sdk\6.0.401\Extensions\Microsoft.TestPlatform.TestHostRuntimeProvider.dll'
TpTrace Information: 0 : 27268, 1, 2022/11/17, 12:33:14.720, 147594856789, vstest.console.dll, GetTestExtensionFromType: Register extension with identifier data 'HostProvider://DotnetTestHost' and type 'Microsoft.VisualStudio.TestPlatform.CrossPlatEngine.Hosting.DotnetTestHostManager, Microsoft.TestPlatform.TestHostRuntimeProvider, Version=15.0.0.0, Culture=neutral, PublicKeyToken=b03f5f7f11d50a3a' inside file 'C:\Program Files\dotnet\sdk\6.0.401\Extensions\Microsoft.TestPlatform.TestHostRuntimeProvider.dll'
TpTrace Information: 0 : 27268, 1, 2022/11/17, 12:33:14.720, 147594857328, vstest.console.dll, AssemblyResolver.OnResolve: Microsoft.VisualStudio.TestPlatform.Extensions.Html.TestLogger: Resolving assembly.
TpTrace Information: 0 : 27268, 1, 2022/11/17, 12:33:14.720, 147594857595, vstest.console.dll, AssemblyResolver.OnResolve: Microsoft.VisualStudio.TestPlatform.Extensions.Html.TestLogger: Searching in: 'C:\Program Files\dotnet\sdk\6.0.401\Extensions'.
TpTrace Information: 0 : 27268, 1, 2022/11/17, 12:33:14.720, 147594860008, vstest.console.dll, AssemblyResolver.OnResolve: Microsoft.VisualStudio.TestPlatform.Extensions.Html.TestLogger: Loading assembly 'C:\Program Files\dotnet\sdk\6.0.401\Extensions\Microsoft.VisualStudio.TestPlatform.Extensions.Html.TestLogger.dll'.
TpTrace Information: 0 : 27268, 1, 2022/11/17, 12:33:14.720, 147594862853, vstest.console.dll, AssemblyResolver.OnResolve: Resolved assembly: Microsoft.VisualStudio.TestPlatform.Extensions.Html.TestLogger, from path: C:\Program Files\dotnet\sdk\6.0.401\Extensions\Microsoft.VisualStudio.TestPlatform.Extensions.Html.TestLogger.dll
TpTrace Verbose: 0 : 27268, 1, 2022/11/17, 12:33:14.721, 147594863335, vstest.console.dll, MetadataReaderExtensionsHelper: Discovering extensions inside assembly 'Microsoft.VisualStudio.TestPlatform.Extensions.Html.TestLogger, Version=15.0.0.0, Culture=neutral, PublicKeyToken=b03f5f7f11d50a3a' file path 'C:\Program Files\dotnet\sdk\6.0.401\Extensions\Microsoft.VisualStudio.TestPlatform.Extensions.Html.TestLogger.dll'
TpTrace Information: 0 : 27268, 1, 2022/11/17, 12:33:14.721, 147594867617, vstest.console.dll, AssemblyResolver.OnResolve: Microsoft.VisualStudio.TestPlatform.Extensions.Trx.TestLogger: Resolving assembly.
TpTrace Information: 0 : 27268, 1, 2022/11/17, 12:33:14.721, 147594868001, vstest.console.dll, AssemblyResolver.OnResolve: Microsoft.VisualStudio.TestPlatform.Extensions.Trx.TestLogger: Searching in: 'C:\Program Files\dotnet\sdk\6.0.401\Extensions'.
TpTrace Information: 0 : 27268, 1, 2022/11/17, 12:33:14.721, 147594870381, vstest.console.dll, AssemblyResolver.OnResolve: Microsoft.VisualStudio.TestPlatform.Extensions.Trx.TestLogger: Loading assembly 'C:\Program Files\dotnet\sdk\6.0.401\Extensions\Microsoft.VisualStudio.TestPlatform.Extensions.Trx.TestLogger.dll'.
TpTrace Information: 0 : 27268, 1, 2022/11/17, 12:33:14.722, 147594873432, vstest.console.dll, AssemblyResolver.OnResolve: Resolved assembly: Microsoft.VisualStudio.TestPlatform.Extensions.Trx.TestLogger, from path: C:\Program Files\dotnet\sdk\6.0.401\Extensions\Microsoft.VisualStudio.TestPlatform.Extensions.Trx.TestLogger.dll
TpTrace Verbose: 0 : 27268, 1, 2022/11/17, 12:33:14.722, 147594873914, vstest.console.dll, MetadataReaderExtensionsHelper: Discovering extensions inside assembly 'Microsoft.VisualStudio.TestPlatform.Extensions.Trx.TestLogger, Version=15.0.0.0, Culture=neutral, PublicKeyToken=b03f5f7f11d50a3a' file path 'C:\Program Files\dotnet\sdk\6.0.401\Extensions\Microsoft.VisualStudio.TestPlatform.Extensions.Trx.TestLogger.dll'
TpTrace Verbose: 0 : 27268, 1, 2022/11/17, 12:33:14.722, 147594880285, vstest.console.dll, TestPluginCache: Discovered the extensions using extension path ''.
TpTrace Verbose: 0 : 27268, 1, 2022/11/17, 12:33:14.722, 147594880742, vstest.console.dll, TestPluginCache: Discoverers are ''.
TpTrace Verbose: 0 : 27268, 1, 2022/11/17, 12:33:14.722, 147594880949, vstest.console.dll, TestPluginCache: Executors are ''.
TpTrace Verbose: 0 : 27268, 1, 2022/11/17, 12:33:14.722, 147594881122, vstest.console.dll, TestPluginCache: Executors2 are ''.
TpTrace Verbose: 0 : 27268, 1, 2022/11/17, 12:33:14.722, 147594881286, vstest.console.dll, TestPluginCache: Setting providers are ''.
TpTrace Verbose: 0 : 27268, 1, 2022/11/17, 12:33:14.722, 147594881556, vstest.console.dll, TestPluginCache: Loggers are ''.
TpTrace Verbose: 0 : 27268, 1, 2022/11/17, 12:33:14.722, 147594882515, vstest.console.dll, TestPluginCache: TestHosts are 'HostProvider://DefaultTestHost,HostProvider://DotnetTestHost'.
TpTrace Verbose: 0 : 27268, 1, 2022/11/17, 12:33:14.722, 147594882763, vstest.console.dll, TestPluginCache: DataCollectors are ''.
TpTrace Information: 0 : 27268, 1, 2022/11/17, 12:33:14.730, 147594953456, vstest.console.dll, RunTestsArgumentProcessor:Execute: Test run is starting.
TpTrace Verbose: 0 : 27268, 1, 2022/11/17, 12:33:14.730, 147594954064, vstest.console.dll, RunTestsArgumentProcessor:Execute: Queuing Test run.
TpTrace Information: 0 : 27268, 1, 2022/11/17, 12:33:14.730, 147594955629, vstest.console.dll, TestRequestManager.RunTests: run tests started.
TpTrace Information: 0 : 27268, 1, 2022/11/17, 12:33:14.731, 147594963737, vstest.console.dll, AssemblyMetadataProvider.GetFrameworkName: Determined framework:'.NETCoreApp,Version=v6.0' for source: 'C:\Users\danie\OneDrive\Skrivebord\Skole\2.sem\TST\TST_Assignment4\Snake Game\SnakeGameTest\bin\Debug\net6.0\fine-code-coverage\build-output\SnakeGameTest.dll'
TpTrace Information: 0 : 27268, 1, 2022/11/17, 12:33:14.731, 147594964762, vstest.console.dll, Determined framework for all sources: .NETCoreApp,Version=v6.0
TpTrace Verbose: 0 : 27268, 1, 2022/11/17, 12:33:14.731, 147594968605, vstest.console.dll, TestRequestManager.UpdateRunSettingsIfRequired: Default architecture: X64 IsDefaultTargetArchitecture: True, Current process architecture: X64 OperatingSystem: Windows.
TpTrace Information: 0 : 27268, 1, 2022/11/17, 12:33:14.733, 147594984301, vstest.console.dll, AssemblyMetadataProvider.GetArchitecture: Determined architecture:AnyCPU info for assembly: C:\Users\danie\OneDrive\Skrivebord\Skole\2.sem\TST\TST_Assignment4\Snake Game\SnakeGameTest\bin\Debug\net6.0\fine-code-coverage\build-output\SnakeGameTest.dll
TpTrace Information: 0 : 27268, 1, 2022/11/17, 12:33:14.733, 147594984662, vstest.console.dll, Determined platform for source 'C:\Users\danie\OneDrive\Skrivebord\Skole\2.sem\TST\TST_Assignment4\Snake Game\SnakeGameTest\bin\Debug\net6.0\fine-code-coverage\build-output\SnakeGameTest.dll' was AnyCPU and it will use the default plaform X64.
TpTrace Information: 0 : 27268, 1, 2022/11/17, 12:33:14.733, 147594984875, vstest.console.dll, None of the sources provided any runnable platform, using the default platform: X64
TpTrace Information: 0 : 27268, 1, 2022/11/17, 12:33:14.733, 147594985375, vstest.console.dll, Platform was updated to 'X64'.
TpTrace Information: 0 : 27268, 1, 2022/11/17, 12:33:14.735, 147595008591, vstest.console.dll, InferRunSettingsHelper.IsTestSettingsEnabled: Unable to navigate to RunSettings/MSTest. Current node: RunSettings
TpTrace Information: 0 : 27268, 1, 2022/11/17, 12:33:14.735, 147595012462, vstest.console.dll, AssemblyResolver.OnResolve: Microsoft.VisualStudio.TestPlatform.Fakes: Resolving assembly.
TpTrace Information: 0 : 27268, 1, 2022/11/17, 12:33:14.735, 147595012873, vstest.console.dll, AssemblyResolver.OnResolve: Microsoft.VisualStudio.TestPlatform.Fakes: Searching in: 'C:\Program Files\dotnet\sdk\6.0.401\Extensions'.
TpTrace Information: 0 : 27268, 1, 2022/11/17, 12:33:14.736, 147595013569, vstest.console.dll, AssemblyResolver.OnResolve: Microsoft.VisualStudio.TestPlatform.Fakes: Assembly path does not exist: 'C:\Program Files\dotnet\sdk\6.0.401\Extensions\Microsoft.VisualStudio.TestPlatform.Fakes.dll', returning.
TpTrace Information: 0 : 27268, 1, 2022/11/17, 12:33:14.736, 147595014033, vstest.console.dll, AssemblyResolver.OnResolve: Microsoft.VisualStudio.TestPlatform.Fakes: Assembly path does not exist: 'C:\Program Files\dotnet\sdk\6.0.401\Extensions\Microsoft.VisualStudio.TestPlatform.Fakes.exe', returning.
TpTrace Information: 0 : 27268, 1, 2022/11/17, 12:33:14.736, 147595014250, vstest.console.dll, AssemblyResolver.OnResolve: Microsoft.VisualStudio.TestPlatform.Fakes: Searching in: 'C:\Program Files\dotnet\sdk\6.0.401'.
TpTrace Information: 0 : 27268, 1, 2022/11/17, 12:33:14.736, 147595014712, vstest.console.dll, AssemblyResolver.OnResolve: Microsoft.VisualStudio.TestPlatform.Fakes: Assembly path does not exist: 'C:\Program Files\dotnet\sdk\6.0.401\Microsoft.VisualStudio.TestPlatform.Fakes.dll', returning.
TpTrace Information: 0 : 27268, 1, 2022/11/17, 12:33:14.736, 147595015143, vstest.console.dll, AssemblyResolver.OnResolve: Microsoft.VisualStudio.TestPlatform.Fakes: Assembly path does not exist: 'C:\Program Files\dotnet\sdk\6.0.401\Microsoft.VisualStudio.TestPlatform.Fakes.exe', returning.
TpTrace Information: 0 : 27268, 1, 2022/11/17, 12:33:14.736, 147595015346, vstest.console.dll, AssemblyResolver.OnResolve: Microsoft.VisualStudio.TestPlatform.Fakes: Failed to load assembly.
TpTrace Information: 0 : 27268, 1, 2022/11/17, 12:33:14.736, 147595016968, vstest.console.dll, Failed to load assembly Microsoft.VisualStudio.TestPlatform.Fakes, Version=17.0.0.0, Culture=neutral. Reason:System.IO.FileNotFoundException: Could not load file or assembly 'Microsoft.VisualStudio.TestPlatform.Fakes, Version=17.0.0.0, Culture=neutral, PublicKeyToken=null'. The system cannot find the file specified.
File name: 'Microsoft.VisualStudio.TestPlatform.Fakes, Version=17.0.0.0, Culture=neutral, PublicKeyToken=null'
   at System.Reflection.RuntimeAssembly.InternalLoad(ObjectHandleOnStack assemblyName, ObjectHandleOnStack requestingAssembly, StackCrawlMarkHandle stackMark, Boolean throwOnFileNotFound, ObjectHandleOnStack assemblyLoadContext, ObjectHandleOnStack retAssembly)
   at System.Reflection.RuntimeAssembly.InternalLoad(AssemblyName assemblyName, RuntimeAssembly requestingAssembly, StackCrawlMark& stackMark, Boolean throwOnFileNotFound, AssemblyLoadContext assemblyLoadContext)
   at System.Reflection.Assembly.Load(AssemblyName assemblyRef)
   at Microsoft.VisualStudio.TestPlatform.Common.Utilities.FakesUtilities.LoadTestPlatformAssembly()
TpTrace Verbose: 0 : 27268, 1, 2022/11/17, 12:33:14.738, 147595037922, vstest.console.dll, TestPluginCache.DiscoverTestExtensions: finding test extensions in assemblies ends with: TestLogger.dll TPluginInfo: Microsoft.VisualStudio.TestPlatform.Common.ExtensionFramework.Utilities.TestLoggerPluginInformation TExtension: Microsoft.VisualStudio.TestPlatform.ObjectModel.Client.ITestLogger
TpTrace Verbose: 0 : 27268, 1, 2022/11/17, 12:33:14.738, 147595038446, vstest.console.dll, TestPluginCache.GetExtensionPaths: Filtered extension paths: 
TpTrace Verbose: 0 : 27268, 1, 2022/11/17, 12:33:14.738, 147595038686, vstest.console.dll, TestPluginCache.GetExtensionPaths: Added default extension paths: C:\Program Files\dotnet\sdk\6.0.401\Extensions\Microsoft.Diagnostics.NETCore.Client.dll
C:\Program Files\dotnet\sdk\6.0.401\Extensions\Microsoft.TestPlatform.Extensions.BlameDataCollector.dll
C:\Program Files\dotnet\sdk\6.0.401\Extensions\Microsoft.TestPlatform.Extensions.EventLogCollector.dll
C:\Program Files\dotnet\sdk\6.0.401\Extensions\Microsoft.TestPlatform.TestHostRuntimeProvider.dll
C:\Program Files\dotnet\sdk\6.0.401\Extensions\Microsoft.VisualStudio.TestPlatform.Extensions.Html.TestLogger.dll
C:\Program Files\dotnet\sdk\6.0.401\Extensions\Microsoft.VisualStudio.TestPlatform.Extensions.Trx.TestLogger.dll
TpTrace Verbose: 0 : 27268, 1, 2022/11/17, 12:33:14.738, 147595038912, vstest.console.dll, TestPluginCache.GetExtensionPaths: Added unfilterableExtensionPaths: 
TpTrace Information: 0 : 27268, 1, 2022/11/17, 12:33:14.738, 147595039684, vstest.console.dll, AssemblyResolver.AddSearchDirectories: Adding more searchDirectories C:\Program Files\dotnet\sdk\6.0.401\Extensions,C:\Program Files\dotnet\sdk\6.0.401
TpTrace Verbose: 0 : 27268, 1, 2022/11/17, 12:33:14.738, 147595039987, vstest.console.dll, TestPluginCache.DiscoverTestExtensions: Discovering the extensions using extension path.
TpTrace Verbose: 0 : 27268, 1, 2022/11/17, 12:33:14.738, 147595040240, vstest.console.dll, TestPluginCache.GetExtensionPaths: Filtered extension paths: 
TpTrace Verbose: 0 : 27268, 1, 2022/11/17, 12:33:14.738, 147595040456, vstest.console.dll, TestPluginCache.GetExtensionPaths: Added default extension paths: C:\Program Files\dotnet\sdk\6.0.401\Extensions\Microsoft.Diagnostics.NETCore.Client.dll
C:\Program Files\dotnet\sdk\6.0.401\Extensions\Microsoft.TestPlatform.Extensions.BlameDataCollector.dll
C:\Program Files\dotnet\sdk\6.0.401\Extensions\Microsoft.TestPlatform.Extensions.EventLogCollector.dll
C:\Program Files\dotnet\sdk\6.0.401\Extensions\Microsoft.TestPlatform.TestHostRuntimeProvider.dll
C:\Program Files\dotnet\sdk\6.0.401\Extensions\Microsoft.VisualStudio.TestPlatform.Extensions.Html.TestLogger.dll
C:\Program Files\dotnet\sdk\6.0.401\Extensions\Microsoft.VisualStudio.TestPlatform.Extensions.Trx.TestLogger.dll
TpTrace Verbose: 0 : 27268, 1, 2022/11/17, 12:33:14.738, 147595040725, vstest.console.dll, TestPluginCache.GetExtensionPaths: Added unfilterableExtensionPaths: 
TpTrace Verbose: 0 : 27268, 1, 2022/11/17, 12:33:14.738, 147595041369, vstest.console.dll, TestPluginCache.DiscoverTestExtensions: Discovering the extensions using allExtensionPaths: C:\Program Files\dotnet\sdk\6.0.401\Extensions\Microsoft.Diagnostics.NETCore.Client.dll
C:\Program Files\dotnet\sdk\6.0.401\Extensions\Microsoft.TestPlatform.Extensions.BlameDataCollector.dll
C:\Program Files\dotnet\sdk\6.0.401\Extensions\Microsoft.TestPlatform.Extensions.EventLogCollector.dll
C:\Program Files\dotnet\sdk\6.0.401\Extensions\Microsoft.TestPlatform.TestHostRuntimeProvider.dll
C:\Program Files\dotnet\sdk\6.0.401\Extensions\Microsoft.VisualStudio.TestPlatform.Extensions.Html.TestLogger.dll
C:\Program Files\dotnet\sdk\6.0.401\Extensions\Microsoft.VisualStudio.TestPlatform.Extensions.Trx.TestLogger.dll
TpTrace Information: 0 : 27268, 1, 2022/11/17, 12:33:14.738, 147595041718, vstest.console.dll, AssemblyResolver.AddSearchDirectories: Adding more searchDirectories C:\Program Files\dotnet\sdk\6.0.401\Extensions,C:\Program Files\dotnet\sdk\6.0.401
TpTrace Information: 0 : 27268, 1, 2022/11/17, 12:33:14.738, 147595041971, vstest.console.dll, AssemblyResolver.AddSearchDirectories: Adding more searchDirectories C:\Program Files\dotnet\sdk\6.0.401\Extensions,C:\Program Files\dotnet\sdk\6.0.401
TpTrace Information: 0 : 27268, 1, 2022/11/17, 12:33:14.738, 147595042163, vstest.console.dll, AssemblyResolver.AddSearchDirectories: Adding more searchDirectories C:\Program Files\dotnet\sdk\6.0.401\Extensions,C:\Program Files\dotnet\sdk\6.0.401
TpTrace Information: 0 : 27268, 1, 2022/11/17, 12:33:14.738, 147595042349, vstest.console.dll, AssemblyResolver.AddSearchDirectories: Adding more searchDirectories C:\Program Files\dotnet\sdk\6.0.401\Extensions,C:\Program Files\dotnet\sdk\6.0.401
TpTrace Information: 0 : 27268, 1, 2022/11/17, 12:33:14.738, 147595042562, vstest.console.dll, AssemblyResolver.AddSearchDirectories: Adding more searchDirectories C:\Program Files\dotnet\sdk\6.0.401\Extensions,C:\Program Files\dotnet\sdk\6.0.401
TpTrace Information: 0 : 27268, 1, 2022/11/17, 12:33:14.738, 147595042754, vstest.console.dll, AssemblyResolver.AddSearchDirectories: Adding more searchDirectories C:\Program Files\dotnet\sdk\6.0.401\Extensions,C:\Program Files\dotnet\sdk\6.0.401
TpTrace Verbose: 0 : 27268, 1, 2022/11/17, 12:33:14.739, 147595043475, vstest.console.dll, MetadataReaderExtensionsHelper: Discovering extensions inside assembly 'Microsoft.Diagnostics.NETCore.Client, Version=0.2.5.801, Culture=neutral, PublicKeyToken=31bf3856ad364e35' file path 'C:\Program Files\dotnet\sdk\6.0.401\Extensions\Microsoft.Diagnostics.NETCore.Client.dll'
TpTrace Information: 0 : 27268, 1, 2022/11/17, 12:33:14.739, 147595047663, vstest.console.dll, AssemblyResolver.OnResolve: Microsoft.Bcl.AsyncInterfaces: Resolving assembly.
TpTrace Information: 0 : 27268, 1, 2022/11/17, 12:33:14.739, 147595048008, vstest.console.dll, AssemblyResolver.OnResolve: Microsoft.Bcl.AsyncInterfaces: Resolved from cache.
TpTrace Verbose: 0 : 27268, 1, 2022/11/17, 12:33:14.739, 147595048273, vstest.console.dll, CurrentDomainAssemblyResolve: Resolving assembly 'Microsoft.Bcl.AsyncInterfaces'.
TpTrace Information: 0 : 27268, 1, 2022/11/17, 12:33:14.739, 147595048596, vstest.console.dll, AssemblyResolver.OnResolve: Microsoft.Bcl.AsyncInterfaces: Resolving assembly.
TpTrace Information: 0 : 27268, 1, 2022/11/17, 12:33:14.739, 147595048799, vstest.console.dll, AssemblyResolver.OnResolve: Microsoft.Bcl.AsyncInterfaces: Resolved from cache.
TpTrace Verbose: 0 : 27268, 1, 2022/11/17, 12:33:14.739, 147595048995, vstest.console.dll, CurrentDomainAssemblyResolve: Resolving assembly 'Microsoft.Bcl.AsyncInterfaces'.
TpTrace Verbose: 0 : 27268, 1, 2022/11/17, 12:33:14.739, 147595049171, vstest.console.dll, CurrentDomainAssemblyResolve: Failed to resolve assembly 'Microsoft.Bcl.AsyncInterfaces'.
TpTrace Verbose: 0 : 27268, 1, 2022/11/17, 12:33:14.739, 147595050144, vstest.console.dll, CurrentDomainAssemblyResolve: Failed to resolve assembly 'Microsoft.Bcl.AsyncInterfaces'.
TpTrace Warning: 0 : 27268, 1, 2022/11/17, 12:33:14.739, 147595052406, vstest.console.dll, TestPluginDiscoverer: Failed to get types from assembly 'Microsoft.Diagnostics.NETCore.Client, Version=0.2.5.801, Culture=neutral, PublicKeyToken=31bf3856ad364e35'. Error: System.Reflection.ReflectionTypeLoadException: Unable to load one or more of the requested types.
Could not load file or assembly 'Microsoft.Bcl.AsyncInterfaces, Version=1.0.0.0, Culture=neutral, PublicKeyToken=cc7b13ffcd2ddd51'. The system cannot find the file specified.
   at System.Reflection.RuntimeModule.GetTypes(RuntimeModule module)
   at System.Reflection.Assembly.GetTypes()
   at Microsoft.VisualStudio.TestPlatform.Common.ExtensionFramework.TestPluginDiscoverer.GetTestExtensionsFromAssembly[TPluginInfo,TExtension](Assembly assembly, Dictionary`2 pluginInfos, String filePath)
System.IO.FileNotFoundException: Could not load file or assembly 'Microsoft.Bcl.AsyncInterfaces, Version=1.0.0.0, Culture=neutral, PublicKeyToken=cc7b13ffcd2ddd51'. The system cannot find the file specified.
File name: 'Microsoft.Bcl.AsyncInterfaces, Version=1.0.0.0, Culture=neutral, PublicKeyToken=cc7b13ffcd2ddd51'
 ---> System.IO.FileNotFoundException: Could not load file or assembly 'Microsoft.Bcl.AsyncInterfaces, Culture=neutral, PublicKeyToken=null'. The system cannot find the file specified.
File name: 'Microsoft.Bcl.AsyncInterfaces, Culture=neutral, PublicKeyToken=null'
   at System.Reflection.RuntimeAssembly.InternalLoad(ObjectHandleOnStack assemblyName, ObjectHandleOnStack requestingAssembly, StackCrawlMarkHandle stackMark, Boolean throwOnFileNotFound, ObjectHandleOnStack assemblyLoadContext, ObjectHandleOnStack retAssembly)
   at System.Reflection.RuntimeAssembly.InternalLoad(AssemblyName assemblyName, RuntimeAssembly requestingAssembly, StackCrawlMark& stackMark, Boolean throwOnFileNotFound, AssemblyLoadContext assemblyLoadContext)
   at System.Reflection.Assembly.Load(AssemblyName assemblyRef)
   at Microsoft.VisualStudio.TestPlatform.Common.ExtensionFramework.TestPluginCache.CurrentDomainAssemblyResolve(Object sender, AssemblyResolveEventArgs args)
   at Microsoft.VisualStudio.TestPlatform.PlatformAbstractions.PlatformAssemblyResolver.AssemblyResolverEvent(Object sender, Object eventArgs)
   at System.Runtime.Loader.AssemblyLoadContext.GetFirstResolvedAssemblyFromResolvingEvent(AssemblyName assemblyName)
   at System.Runtime.Loader.AssemblyLoadContext.ResolveUsingEvent(AssemblyName assemblyName)
   at System.Runtime.Loader.AssemblyLoadContext.ResolveUsingResolvingEvent(IntPtr gchManagedAssemblyLoadContext, AssemblyName assemblyName)
TpTrace Warning: 0 : 27268, 1, 2022/11/17, 12:33:14.740, 147595053737, vstest.console.dll, LoaderExceptions: System.IO.FileNotFoundException: Could not load file or assembly 'Microsoft.Bcl.AsyncInterfaces, Version=1.0.0.0, Culture=neutral, PublicKeyToken=cc7b13ffcd2ddd51'. The system cannot find the file specified.
File name: 'Microsoft.Bcl.AsyncInterfaces, Version=1.0.0.0, Culture=neutral, PublicKeyToken=cc7b13ffcd2ddd51'
 ---> System.IO.FileNotFoundException: Could not load file or assembly 'Microsoft.Bcl.AsyncInterfaces, Culture=neutral, PublicKeyToken=null'. The system cannot find the file specified.
File name: 'Microsoft.Bcl.AsyncInterfaces, Culture=neutral, PublicKeyToken=null'
   at System.Reflection.RuntimeAssembly.InternalLoad(ObjectHandleOnStack assemblyName, ObjectHandleOnStack requestingAssembly, StackCrawlMarkHandle stackMark, Boolean throwOnFileNotFound, ObjectHandleOnStack assemblyLoadContext, ObjectHandleOnStack retAssembly)
   at System.Reflection.RuntimeAssembly.InternalLoad(AssemblyName assemblyName, RuntimeAssembly requestingAssembly, StackCrawlMark& stackMark, Boolean throwOnFileNotFound, AssemblyLoadContext assemblyLoadContext)
   at System.Reflection.Assembly.Load(AssemblyName assemblyRef)
   at Microsoft.VisualStudio.TestPlatform.Common.ExtensionFramework.TestPluginCache.CurrentDomainAssemblyResolve(Object sender, AssemblyResolveEventArgs args)
   at Microsoft.VisualStudio.TestPlatform.PlatformAbstractions.PlatformAssemblyResolver.AssemblyResolverEvent(Object sender, Object eventArgs)
   at System.Runtime.Loader.AssemblyLoadContext.GetFirstResolvedAssemblyFromResolvingEvent(AssemblyName assemblyName)
   at System.Runtime.Loader.AssemblyLoadContext.ResolveUsingEvent(AssemblyName assemblyName)
   at System.Runtime.Loader.AssemblyLoadContext.ResolveUsingResolvingEvent(IntPtr gchManagedAssemblyLoadContext, AssemblyName assemblyName)
TpTrace Verbose: 0 : 27268, 1, 2022/11/17, 12:33:14.740, 147595054322, vstest.console.dll, MetadataReaderExtensionsHelper: Discovering extensions inside assembly 'Microsoft.TestPlatform.Extensions.BlameDataCollector, Version=15.0.0.0, Culture=neutral, PublicKeyToken=b03f5f7f11d50a3a' file path 'C:\Program Files\dotnet\sdk\6.0.401\Extensions\Microsoft.TestPlatform.Extensions.BlameDataCollector.dll'
TpTrace Information: 0 : 27268, 1, 2022/11/17, 12:33:14.740, 147595057875, vstest.console.dll, GetTestExtensionFromType: Register extension with identifier data 'logger://Microsoft/TestPlatform/Extensions/Blame/v1' and type 'Microsoft.TestPlatform.Extensions.BlameDataCollector.BlameLogger, Microsoft.TestPlatform.Extensions.BlameDataCollector, Version=15.0.0.0, Culture=neutral, PublicKeyToken=b03f5f7f11d50a3a' inside file 'C:\Program Files\dotnet\sdk\6.0.401\Extensions\Microsoft.TestPlatform.Extensions.BlameDataCollector.dll'
TpTrace Verbose: 0 : 27268, 1, 2022/11/17, 12:33:14.740, 147595058313, vstest.console.dll, MetadataReaderExtensionsHelper: Discovering extensions inside assembly 'Microsoft.TestPlatform.Extensions.EventLogCollector, Version=15.0.0.0, Culture=neutral, PublicKeyToken=b03f5f7f11d50a3a' file path 'C:\Program Files\dotnet\sdk\6.0.401\Extensions\Microsoft.TestPlatform.Extensions.EventLogCollector.dll'
TpTrace Verbose: 0 : 27268, 1, 2022/11/17, 12:33:14.740, 147595061020, vstest.console.dll, MetadataReaderExtensionsHelper: Discovering extensions inside assembly 'Microsoft.TestPlatform.TestHostRuntimeProvider, Version=15.0.0.0, Culture=neutral, PublicKeyToken=b03f5f7f11d50a3a' file path 'C:\Program Files\dotnet\sdk\6.0.401\Extensions\Microsoft.TestPlatform.TestHostRuntimeProvider.dll'
TpTrace Verbose: 0 : 27268, 1, 2022/11/17, 12:33:14.741, 147595064463, vstest.console.dll, MetadataReaderExtensionsHelper: Discovering extensions inside assembly 'Microsoft.VisualStudio.TestPlatform.Extensions.Html.TestLogger, Version=15.0.0.0, Culture=neutral, PublicKeyToken=b03f5f7f11d50a3a' file path 'C:\Program Files\dotnet\sdk\6.0.401\Extensions\Microsoft.VisualStudio.TestPlatform.Extensions.Html.TestLogger.dll'
TpTrace Information: 0 : 27268, 1, 2022/11/17, 12:33:14.741, 147595068033, vstest.console.dll, GetTestExtensionFromType: Register extension with identifier data 'logger://Microsoft/TestPlatform/HtmlLogger/v1' and type 'Microsoft.VisualStudio.TestPlatform.Extensions.HtmlLogger.HtmlLogger, Microsoft.VisualStudio.TestPlatform.Extensions.Html.TestLogger, Version=15.0.0.0, Culture=neutral, PublicKeyToken=b03f5f7f11d50a3a' inside file 'C:\Program Files\dotnet\sdk\6.0.401\Extensions\Microsoft.VisualStudio.TestPlatform.Extensions.Html.TestLogger.dll'
TpTrace Verbose: 0 : 27268, 1, 2022/11/17, 12:33:14.741, 147595068539, vstest.console.dll, MetadataReaderExtensionsHelper: Discovering extensions inside assembly 'Microsoft.VisualStudio.TestPlatform.Extensions.Trx.TestLogger, Version=15.0.0.0, Culture=neutral, PublicKeyToken=b03f5f7f11d50a3a' file path 'C:\Program Files\dotnet\sdk\6.0.401\Extensions\Microsoft.VisualStudio.TestPlatform.Extensions.Trx.TestLogger.dll'
TpTrace Information: 0 : 27268, 1, 2022/11/17, 12:33:14.741, 147595071628, vstest.console.dll, GetTestExtensionFromType: Register extension with identifier data 'logger://Microsoft/TestPlatform/TrxLogger/v1' and type 'Microsoft.VisualStudio.TestPlatform.Extensions.TrxLogger.TrxLogger, Microsoft.VisualStudio.TestPlatform.Extensions.Trx.TestLogger, Version=15.0.0.0, Culture=neutral, PublicKeyToken=b03f5f7f11d50a3a' inside file 'C:\Program Files\dotnet\sdk\6.0.401\Extensions\Microsoft.VisualStudio.TestPlatform.Extensions.Trx.TestLogger.dll'
TpTrace Verbose: 0 : 27268, 1, 2022/11/17, 12:33:14.741, 147595072115, vstest.console.dll, TestPluginCache: Discovered the extensions using extension path ''.
TpTrace Verbose: 0 : 27268, 1, 2022/11/17, 12:33:14.741, 147595072353, vstest.console.dll, TestPluginCache: Discoverers are ''.
TpTrace Verbose: 0 : 27268, 1, 2022/11/17, 12:33:14.741, 147595072535, vstest.console.dll, TestPluginCache: Executors are ''.
TpTrace Verbose: 0 : 27268, 1, 2022/11/17, 12:33:14.741, 147595072701, vstest.console.dll, TestPluginCache: Executors2 are ''.
TpTrace Verbose: 0 : 27268, 1, 2022/11/17, 12:33:14.742, 147595072927, vstest.console.dll, TestPluginCache: Setting providers are ''.
TpTrace Verbose: 0 : 27268, 1, 2022/11/17, 12:33:14.742, 147595073339, vstest.console.dll, TestPluginCache: Loggers are 'logger://Microsoft/TestPlatform/Extensions/Blame/v1,logger://Microsoft/TestPlatform/HtmlLogger/v1,logger://Microsoft/TestPlatform/TrxLogger/v1'.
TpTrace Verbose: 0 : 27268, 1, 2022/11/17, 12:33:14.742, 147595073653, vstest.console.dll, TestPluginCache: TestHosts are 'HostProvider://DefaultTestHost,HostProvider://DotnetTestHost'.
TpTrace Verbose: 0 : 27268, 1, 2022/11/17, 12:33:14.742, 147595073847, vstest.console.dll, TestPluginCache: DataCollectors are ''.
TpTrace Information: 0 : 27268, 1, 2022/11/17, 12:33:14.742, 147595077938, vstest.console.dll, TestPluginManager.CreateTestExtension: Attempting to load test extension: Microsoft.TestPlatform.Extensions.BlameDataCollector.BlameLogger
TpTrace Verbose: 0 : 27268, 1, 2022/11/17, 12:33:14.745, 147595110647, vstest.console.dll, TestEngine: Initializing Parallel Execution as MaxCpuCount is set to: 1
TpTrace Information: 0 : 27268, 1, 2022/11/17, 12:33:14.746, 147595120044, vstest.console.dll, TestPluginManager.CreateTestExtension: Attempting to load test extension: Microsoft.VisualStudio.TestPlatform.CrossPlatEngine.Hosting.DefaultTestHostManager
TpTrace Information: 0 : 27268, 1, 2022/11/17, 12:33:14.747, 147595124056, vstest.console.dll, TestPluginManager.CreateTestExtension: Attempting to load test extension: Microsoft.VisualStudio.TestPlatform.CrossPlatEngine.Hosting.DotnetTestHostManager
TpTrace Information: 0 : 27268, 1, 2022/11/17, 12:33:14.747, 147595127516, vstest.console.dll, InferRunSettingsHelper.IsTestSettingsEnabled: Unable to navigate to RunSettings/MSTest. Current node: RunSettings
TpTrace Verbose: 0 : 27268, 1, 2022/11/17, 12:33:14.750, 147595159863, vstest.console.dll, TestEngine.GetExecutionManager: Chosen execution manager 'Microsoft.VisualStudio.TestPlatform.CrossPlatEngine.Client.Parallel.ParallelProxyExecutionManager, Microsoft.TestPlatform.CrossPlatEngine, Version=15.0.0.0, Culture=neutral, PublicKeyToken=b03f5f7f11d50a3a' ParallelLevel '1'.
TpTrace Verbose: 0 : 27268, 1, 2022/11/17, 12:33:14.750, 147595160884, vstest.console.dll, TestRunRequest.ExecuteAsync: Creating test run request.
TpTrace Verbose: 0 : 27268, 1, 2022/11/17, 12:33:14.750, 147595162356, vstest.console.dll, TestRunRequest.ExecuteAsync: Starting.
TpTrace Information: 0 : 27268, 1, 2022/11/17, 12:33:14.751, 147595164382, vstest.console.dll, TestRunRequest.ExecuteAsync: Starting run with settings:TestRunCriteria:
   KeepAlive=False,FrequencyOfRunStatsChangeEvent=10,RunStatsChangeEventTimeout=00:00:01.5000000,TestCaseFilter=,TestExecutorLauncher=
   Settingsxml=<RunSettings>
  <RunConfiguration>
    <ResultsDirectory>C:\Users\danie\OneDrive\Skrivebord\Skole\2.sem\TST\TST_Assignment4\Snake Game\SnakeGameTest\bin\Debug\net6.0\fine-code-coverage\coverage-tool-output</ResultsDirectory>
    <TargetPlatform>X64</TargetPlatform>
    <TargetFrameworkVersion>.NETCoreApp,Version=v6.0</TargetFrameworkVersion>
    <DesignMode>False</DesignMode>
    <CollectSourceInformation>False</CollectSourceInformation>
  </RunConfiguration>
  <LoggerRunSettings>
    <Loggers>
      <Logger friendlyName="blame" enabled="True" />
      <Logger friendlyName="Console" uri="logger://microsoft/TestPlatform/ConsoleLogger/v1" assemblyQualifiedName="Microsoft.VisualStudio.TestPlatform.CommandLine.Internal.ConsoleLogger, vstest.console, Version=15.0.0.0, Culture=neutral, PublicKeyToken=b03f5f7f11d50a3a" codeBase="C:\Program Files\dotnet\sdk\6.0.401\vstest.console.dll" enabled="True" />
    </Loggers>
  </LoggerRunSettings>
  <DataCollectionRunSettings>
    <DataCollectors>
      <DataCollector friendlyName="blame" enabled="True">
        <Configuration>
          <ResultsDirectory>C:\Users\danie\OneDrive\Skrivebord\Skole\2.sem\TST\TST_Assignment4\Snake Game\SnakeGameTest\bin\Debug\net6.0\fine-code-coverage\coverage-tool-output</ResultsDirectory>
        </Configuration>
      </DataCollector>
    </DataCollectors>
  </DataCollectionRunSettings>
</RunSettings>

TpTrace Verbose: 0 : 27268, 1, 2022/11/17, 12:33:14.751, 147595164750, vstest.console.dll, TestRunRequest.ExecuteAsync: Wait for the first run request is over.
TpTrace Verbose: 0 : 27268, 1, 2022/11/17, 12:33:14.751, 147595166495, vstest.console.dll, MulticastDelegateUtilities.SafeInvoke: TestRun.TestRunStart: Invoking callbacks was skipped because there are no subscribers.
TpTrace Verbose: 0 : 27268, 4, 2022/11/17, 12:33:14.751, 147595168029, vstest.console.dll, MulticastDelegateUtilities.SafeInvoke: InternalTestLoggerEvents.SendTestRunStart: Invoking callback 1/1 for Microsoft.VisualStudio.TestPlatform.CommandLine.Internal.ConsoleLogger.TestRunStartHandler, took 0 ms.
TpTrace Verbose: 0 : 27268, 1, 2022/11/17, 12:33:14.751, 147595172473, vstest.console.dll, ParallelProxyExecutionManager: Start execution. Total sources: 1
TpTrace Verbose: 0 : 27268, 1, 2022/11/17, 12:33:14.752, 147595181607, vstest.console.dll, TestRequestSender is acting as server.
TpTrace Verbose: 0 : 27268, 1, 2022/11/17, 12:33:14.753, 147595188718, vstest.console.dll, DataCollectionRequestSender.InitializeCommunication : Initialize communication. 
TpTrace Information: 0 : 27268, 1, 2022/11/17, 12:33:14.756, 147595220270, vstest.console.dll, Listening on Endpoint : 127.0.0.1:54634
TpTrace Verbose: 0 : 27268, 1, 2022/11/17, 12:33:14.761, 147595266289, vstest.console.dll, DotnetDataCollectionLauncher: Adding  --runtimeconfig "C:\Program Files\dotnet\sdk\6.0.401\datacollector.runtimeconfig.json" in args
TpTrace Verbose: 0 : 27268, 1, 2022/11/17, 12:33:14.761, 147595266990, vstest.console.dll, DotnetDataCollectionLauncher: Adding  --depsfile "C:\Program Files\dotnet\sdk\6.0.401\datacollector.deps.json" in args
TpTrace Verbose: 0 : 27268, 1, 2022/11/17, 12:33:14.761, 147595267682, vstest.console.dll, DotnetDataCollectionLauncher: Full path of dotnet.exe is C:\Program Files\dotnet\dotnet.exe
TpTrace Information: 0 : 27268, 1, 2022/11/17, 12:33:14.766, 147595320377, vstest.console.dll, ProxyDataCollectionManager.Initialize: Launched datacollector processId: 20632 port: 54634
TpTrace Information: 0 : 27268, 1, 2022/11/17, 12:33:14.766, 147595321356, vstest.console.dll, ProxyDataCollectionManager.Initialize: waiting for connection with timeout: 90 seconds
TpTrace Verbose: 0 : 27268, 1, 2022/11/17, 12:33:14.766, 147595321720, vstest.console.dll, DataCollectionRequestSender.WaitForRequestHandlerConnection : Waiting for connection with timeout: 90000
TpTrace Information: 0 : 27268, 5, 2022/11/17, 12:33:14.846, 147596122667, vstest.console.dll, Using the buffer size of 16384 bytes
TpTrace Verbose: 0 : 27268, 1, 2022/11/17, 12:33:14.846, 147596122767, vstest.console.dll, SocketCommunicationManager.WaitForClientConnection took: 80 ms, with 90000 ms timeout, and finished with True.
TpTrace Information: 0 : 27268, 5, 2022/11/17, 12:33:14.847, 147596123269, vstest.console.dll, Accepted Client request and set the flag
TpTrace Verbose: 0 : 27268, 1, 2022/11/17, 12:33:14.847, 147596124055, vstest.console.dll, ProxyDataCollectionManager.InvokeDataCollectionServiceAction: Starting.
TpTrace Information: 0 : 27268, 1, 2022/11/17, 12:33:14.847, 147596124610, vstest.console.dll, ProxyDataCollectionManager.BeforeTestRunStart: Get environment variable and port for datacollector processId: 20632 port: 54634
TpTrace Verbose: 0 : 27268, 1, 2022/11/17, 12:33:14.847, 147596125299, vstest.console.dll, DataCollectionRequestSender.SendBeforeTestRunStartAndGetResult: Send BeforeTestRunStart message with settingsXml <RunSettings><RunConfiguration><ResultsDirectory>C:\Users\danie\OneDrive\Skrivebord\Skole\2.sem\TST\TST_Assignment4\Snake Game\SnakeGameTest\bin\Debug\net6.0\fine-code-coverage\coverage-tool-output</ResultsDirectory><TargetPlatform>X64</TargetPlatform><TargetFrameworkVersion>.NETCoreApp,Version=v6.0</TargetFrameworkVersion><DesignMode>False</DesignMode><CollectSourceInformation>False</CollectSourceInformation><TestAdaptersPaths>C:\Program Files\dotnet\sdk\6.0.401\Extensions</TestAdaptersPaths></RunConfiguration><LoggerRunSettings><Loggers><Logger friendlyName="blame" enabled="True" /><Logger friendlyName="Console" uri="logger://microsoft/TestPlatform/ConsoleLogger/v1" assemblyQualifiedName="Microsoft.VisualStudio.TestPlatform.CommandLine.Internal.ConsoleLogger, vstest.console, Version=15.0.0.0, Culture=neutral, PublicKeyToken=b03f5f7f11d50a3a" codeBase="C:\Program Files\dotnet\sdk\6.0.401\vstest.console.dll" enabled="True" /></Loggers></LoggerRunSettings><DataCollectionRunSettings><DataCollectors><DataCollector friendlyName="blame" enabled="True"><Configuration><ResultsDirectory>C:\Users\danie\OneDrive\Skrivebord\Skole\2.sem\TST\TST_Assignment4\Snake Game\SnakeGameTest\bin\Debug\net6.0\fine-code-coverage\coverage-tool-output</ResultsDirectory></Configuration></DataCollector></DataCollectors></DataCollectionRunSettings></RunSettings> and sources System.Collections.Generic.List`1[System.String]: 
TpTrace Verbose: 0 : 27268, 1, 2022/11/17, 12:33:14.885, 147596509889, vstest.console.dll, DataCollectionRequestSender.SendBeforeTestRunStartAndGetResult: Received message: (DataCollection.SendMessage) -> {"MessageType":"DataCollection.SendMessage","Payload":{"FriendlyName":null,"Uri":null,"TestCaseId":"00000000-0000-0000-0000-000000000000","Message":"Logging DataCollector Diagnostics in file: C:\\Users\\danie\\OneDrive\\Skrivebord\\Skole\\2.sem\\TST\\TST_Assignment4\\Snake Game\\SnakeGameTest\\bin\\Debug\\net6.0\\fine-code-coverage\\coverage-tool-output\\diagnostics.datacollector.22-11-17_12-33-14_76117_1.log","Level":0}}
TpTrace Verbose: 0 : 27268, 1, 2022/11/17, 12:33:14.937, 147597027320, vstest.console.dll, DataCollectionRequestSender.SendBeforeTestRunStartAndGetResult: Received message: (DataCollection.BeforeTestRunStartResult) -> {"MessageType":"DataCollection.BeforeTestRunStartResult","Payload":{"EnvironmentVariables":{},"DataCollectionEventsPort":54636}}
TpTrace Information: 0 : 27268, 1, 2022/11/17, 12:33:14.940, 147597062766, vstest.console.dll, ProxyDataCollectionManager.BeforeTestRunStart: SendBeforeTestRunStartAndGetResult successful, env variable from datacollector:   and testhost port: 54636
TpTrace Information: 0 : 27268, 1, 2022/11/17, 12:33:14.941, 147597063352, vstest.console.dll, ProxyDataCollectionManager.InvokeDataCollectionServiceAction: Completed.
TpTrace Verbose: 0 : 27268, 7, 2022/11/17, 12:33:14.941, 147597064098, vstest.console.dll, ParallelProxyExecutionManager: Execution started. Started clients: 1
TpTrace Verbose: 0 : 27268, 1, 2022/11/17, 12:33:14.941, 147597064333, vstest.console.dll, ProxyParallelExecutionManager: No sources available for execution.
TpTrace Information: 0 : 27268, 1, 2022/11/17, 12:33:14.941, 147597064810, vstest.console.dll, TestRunRequest.ExecuteAsync: Started.
TpTrace Verbose: 0 : 27268, 1, 2022/11/17, 12:33:14.941, 147597065359, vstest.console.dll, TestRunRequest.WaitForCompletion: Waiting with timeout -1.
TpTrace Verbose: 0 : 27268, 7, 2022/11/17, 12:33:14.941, 147597066116, vstest.console.dll, TestRunRequest:SendTestRunMessage: Starting.
TpTrace Verbose: 0 : 27268, 7, 2022/11/17, 12:33:14.941, 147597067219, vstest.console.dll, MulticastDelegateUtilities.SafeInvoke: TestRun.LogMessages: Invoking callback 1/1 for Microsoft.VisualStudio.TestPlatform.CommandLine.TestRunResultAggregator.TestRunMessageHandler, took 0 ms.
TpTrace Verbose: 0 : 27268, 4, 2022/11/17, 12:33:14.941, 147597067242, vstest.console.dll, MulticastDelegateUtilities.SafeInvoke: InternalTestLoggerEvents.SendTestRunMessage: Invoking callback 1/1 for Microsoft.VisualStudio.TestPlatform.CommandLine.Internal.ConsoleLogger.TestMessageHandler, took 0 ms.
TpTrace Information: 0 : 27268, 7, 2022/11/17, 12:33:14.941, 147597067586, vstest.console.dll, TestRunRequest:SendTestRunMessage: Completed.
TpTrace Verbose: 0 : 27268, 7, 2022/11/17, 12:33:14.941, 147597069442, vstest.console.dll, ProxyExecutionManager: Test host is always Lazy initialize.
TpTrace Verbose: 0 : 27268, 7, 2022/11/17, 12:33:14.941, 147597070938, vstest.console.dll, TestRequestSender.InitializeCommunication: initialize communication. 
TpTrace Information: 0 : 27268, 7, 2022/11/17, 12:33:14.942, 147597074796, vstest.console.dll, SocketServer.Start: Listening on endpoint : 127.0.0.1:54637
TpTrace Verbose: 0 : 27268, 7, 2022/11/17, 12:33:14.942, 147597078809, vstest.console.dll, DotnetTestHostmanager.GetTestHostProcessStartInfo: Platform environment 'X64' target architecture 'X64' framework '.NETCoreApp,Version=v6.0' OS 'Windows'
TpTrace Verbose: 0 : 27268, 7, 2022/11/17, 12:33:14.942, 147597080072, vstest.console.dll, DotnetTestHostmanager: Adding  --runtimeconfig "C:\Users\danie\OneDrive\Skrivebord\Skole\2.sem\TST\TST_Assignment4\Snake Game\SnakeGameTest\bin\Debug\net6.0\fine-code-coverage\build-output\SnakeGameTest.runtimeconfig.json" in args
TpTrace Verbose: 0 : 27268, 7, 2022/11/17, 12:33:14.942, 147597080727, vstest.console.dll, DotnetTestHostmanager: Adding  --depsfile "C:\Users\danie\OneDrive\Skrivebord\Skole\2.sem\TST\TST_Assignment4\Snake Game\SnakeGameTest\bin\Debug\net6.0\fine-code-coverage\build-output\SnakeGameTest.deps.json" in args
TpTrace Verbose: 0 : 27268, 7, 2022/11/17, 12:33:14.942, 147597081703, vstest.console.dll, DotnetTestHostmanager.IsWinOnArm: Current PROCESSOR_ARCHITECTURE from environment variable 'AMD64'
TpTrace Verbose: 0 : 27268, 7, 2022/11/17, 12:33:14.942, 147597082064, vstest.console.dll, DotnetTestHostmanager.IsWinOnArm: Is Windows on ARM 'False'
TpTrace Verbose: 0 : 27268, 7, 2022/11/17, 12:33:14.942, 147597082658, vstest.console.dll, DotnetTestHostManager: testhost.exe found at path: C:\Users\danie\OneDrive\Skrivebord\Skole\2.sem\TST\TST_Assignment4\Snake Game\SnakeGameTest\bin\Debug\net6.0\fine-code-coverage\build-output\testhost.exe
TpTrace Verbose: 0 : 27268, 7, 2022/11/17, 12:33:14.943, 147597082943, vstest.console.dll, DotnetTestHostmanager: Full path of host exe is C:\Users\danie\OneDrive\Skrivebord\Skole\2.sem\TST\TST_Assignment4\Snake Game\SnakeGameTest\bin\Debug\net6.0\fine-code-coverage\build-output\testhost.exe
TpTrace Verbose: 0 : 27268, 7, 2022/11/17, 12:33:14.943, 147597083795, vstest.console.dll, DotnetTestHostmanager.LaunchTestHostAsync: Found 'VSTEST_WINAPPHOST_DOTNET_ROOT' in env variables, value 'C:\Program Files\dotnet', forwarding to 'DOTNET_ROOT'
TpTrace Verbose: 0 : 27268, 7, 2022/11/17, 12:33:14.943, 147597084683, vstest.console.dll, DotnetTestHostManager: Starting process 'C:\Users\danie\OneDrive\Skrivebord\Skole\2.sem\TST\TST_Assignment4\Snake Game\SnakeGameTest\bin\Debug\net6.0\fine-code-coverage\build-output\testhost.exe' with command line ' --runtimeconfig "C:\Users\danie\OneDrive\Skrivebord\Skole\2.sem\TST\TST_Assignment4\Snake Game\SnakeGameTest\bin\Debug\net6.0\fine-code-coverage\build-output\SnakeGameTest.runtimeconfig.json" --depsfile "C:\Users\danie\OneDrive\Skrivebord\Skole\2.sem\TST\TST_Assignment4\Snake Game\SnakeGameTest\bin\Debug\net6.0\fine-code-coverage\build-output\SnakeGameTest.deps.json" --port 54637 --endpoint 127.0.0.1:054637 --role client --parentprocessid 27268 --diag "C:\Users\danie\OneDrive\Skrivebord\Skole\2.sem\TST\TST_Assignment4\Snake Game\SnakeGameTest\bin\Debug\net6.0\fine-code-coverage\coverage-tool-output\diagnostics.host.22-11-17_12-33-14_94239_7.log" --tracelevel 4 --datacollectionport 54636 --telemetryoptedin false'
TpTrace Verbose: 0 : 27268, 7, 2022/11/17, 12:33:14.946, 147597120796, vstest.console.dll, MulticastDelegateUtilities.SafeInvoke: HostProviderEvents.OnHostLaunched: Invoking callback 1/2 for Microsoft.VisualStudio.TestPlatform.CrossPlatEngine.Client.ProxyExecutionManagerWithDataCollection.TestHostLaunchedHandler, took 0 ms.
TpTrace Verbose: 0 : 27268, 7, 2022/11/17, 12:33:14.946, 147597121758, vstest.console.dll, Test Runtime launched
TpTrace Verbose: 0 : 27268, 7, 2022/11/17, 12:33:14.946, 147597122285, vstest.console.dll, MulticastDelegateUtilities.SafeInvoke: HostProviderEvents.OnHostLaunched: Invoking callback 2/2 for Microsoft.VisualStudio.TestPlatform.CrossPlatEngine.Client.ProxyOperationManager.TestHostManagerHostLaunched, took 0 ms.
TpTrace Verbose: 0 : 27268, 7, 2022/11/17, 12:33:14.947, 147597123523, vstest.console.dll, TestRequestSender.WaitForRequestHandlerConnection: waiting for connection with timeout: 90000.
TpTrace Verbose: 0 : 27268, 7, 2022/11/17, 12:33:15.032, 147597979192, vstest.console.dll, TestRequestSender.WaitForRequestHandlerConnection: waiting took 85 ms, with timeout 90000 ms, and result 0, which is success.
TpTrace Verbose: 0 : 27268, 13, 2022/11/17, 12:33:15.032, 147597979193, vstest.console.dll, MulticastDelegateUtilities.SafeInvoke: SocketServer: ClientConnected: Invoking callback 1/1 for Microsoft.VisualStudio.TestPlatform.CommunicationUtilities.TestRequestSender.<InitializeCommunication>b__24_0, took 0 ms.
TpTrace Verbose: 0 : 27268, 13, 2022/11/17, 12:33:15.032, 147597980192, vstest.console.dll, SocketServer.OnClientConnected: Client connected for endPoint: 127.0.0.1:54637, starting MessageLoopAsync:
TpTrace Verbose: 0 : 27268, 10, 2022/11/17, 12:33:15.032, 147597982344, vstest.console.dll, TcpClientExtensions.MessageLoopAsync: Polling on remoteEndPoint: 127.0.0.1:54638 localEndPoint: 127.0.0.1:54637
TpTrace Verbose: 0 : 27268, 7, 2022/11/17, 12:33:15.033, 147597984802, vstest.console.dll, TestRequestSender.CheckVersionWithTestHost: Sending check version message: {"MessageType":"ProtocolVersion","Payload":7}
TpTrace Verbose: 0 : 27268, 10, 2022/11/17, 12:33:15.121, 147598865850, vstest.console.dll, TcpClientExtensions.MessageLoopAsync: NotifyDataAvailable remoteEndPoint: 127.0.0.1:54638 localEndPoint: 127.0.0.1:54637
TpTrace Verbose: 0 : 27268, 10, 2022/11/17, 12:33:15.121, 147598867411, vstest.console.dll, TestRequestSender.CheckVersionWithTestHost: onMessageReceived received message: (ProtocolVersion) -> {"MessageType":"ProtocolVersion","Payload":5}
TpTrace Verbose: 0 : 27268, 10, 2022/11/17, 12:33:15.121, 147598871263, vstest.console.dll, MulticastDelegateUtilities.SafeInvoke: LengthPrefixCommunicationChannel: MessageReceived: Invoking callback 1/1 for Microsoft.VisualStudio.TestPlatform.CommunicationUtilities.TestRequestSender+<>c__DisplayClass26_0.<CheckVersionWithTestHost>b__0, took 0 ms.
TpTrace Verbose: 0 : 27268, 7, 2022/11/17, 12:33:15.121, 147598871667, vstest.console.dll, TestPluginCache.GetExtensionPaths: Filtered extension paths: 
TpTrace Verbose: 0 : 27268, 10, 2022/11/17, 12:33:15.121, 147598871733, vstest.console.dll, TcpClientExtensions.MessageLoopAsync: Polling on remoteEndPoint: 127.0.0.1:54638 localEndPoint: 127.0.0.1:54637
TpTrace Verbose: 0 : 27268, 7, 2022/11/17, 12:33:15.121, 147598872157, vstest.console.dll, TestPluginCache.GetExtensionPaths: Added default extension paths: C:\Program Files\dotnet\sdk\6.0.401\Extensions\Microsoft.Diagnostics.NETCore.Client.dll
C:\Program Files\dotnet\sdk\6.0.401\Extensions\Microsoft.TestPlatform.Extensions.BlameDataCollector.dll
C:\Program Files\dotnet\sdk\6.0.401\Extensions\Microsoft.TestPlatform.Extensions.EventLogCollector.dll
C:\Program Files\dotnet\sdk\6.0.401\Extensions\Microsoft.TestPlatform.TestHostRuntimeProvider.dll
C:\Program Files\dotnet\sdk\6.0.401\Extensions\Microsoft.VisualStudio.TestPlatform.Extensions.Html.TestLogger.dll
C:\Program Files\dotnet\sdk\6.0.401\Extensions\Microsoft.VisualStudio.TestPlatform.Extensions.Trx.TestLogger.dll
TpTrace Verbose: 0 : 27268, 7, 2022/11/17, 12:33:15.121, 147598872492, vstest.console.dll, TestPluginCache.GetExtensionPaths: Added unfilterableExtensionPaths: 
TpTrace Verbose: 0 : 27268, 7, 2022/11/17, 12:33:15.123, 147598892039, vstest.console.dll, TestRequestSender.InitializeExecution: Sending initialize execution with message: {"Version":5,"MessageType":"TestExecution.Initialize","Payload":["C:\\Users\\danie\\OneDrive\\Skrivebord\\Skole\\2.sem\\TST\\TST_Assignment4\\Snake Game\\SnakeGameTest\\bin\\Debug\\net6.0\\fine-code-coverage\\build-output\\NUnit3.TestAdapter.dll"]}
TpTrace Warning: 0 : 27268, 7, 2022/11/17, 12:33:15.124, 147598894334, vstest.console.dll, InferRunSettingsHelper.MakeRunsettingsCompatible: Removing the following settings: TargetPlatform from RunSettings file. To use those settings please move to latest version of Microsoft.NET.Test.Sdk
TpTrace Verbose: 0 : 27268, 10, 2022/11/17, 12:33:15.127, 147598930565, vstest.console.dll, TcpClientExtensions.MessageLoopAsync: NotifyDataAvailable remoteEndPoint: 127.0.0.1:54638 localEndPoint: 127.0.0.1:54637
TpTrace Verbose: 0 : 27268, 10, 2022/11/17, 12:33:15.127, 147598931508, vstest.console.dll, TestRequestSender.OnExecutionMessageReceived: Received message: {"Version":5,"MessageType":"TestSession.Message","Payload":{"MessageLevel":0,"Message":"Logging TestHost Diagnostics in file: C:\\Users\\danie\\OneDrive\\Skrivebord\\Skole\\2.sem\\TST\\TST_Assignment4\\Snake Game\\SnakeGameTest\\bin\\Debug\\net6.0\\fine-code-coverage\\coverage-tool-output\\diagnostics.host.22-11-17_12-33-14_94239_7.log"}}
TpTrace Verbose: 0 : 27268, 7, 2022/11/17, 12:33:15.129, 147598943011, vstest.console.dll, TestRequestSender.StartTestRun: Sending test run with message: {"Version":5,"MessageType":"TestExecution.StartWithSources","Payload":{"AdapterSourceMap":{"_none_":["C:\\Users\\danie\\OneDrive\\Skrivebord\\Skole\\2.sem\\TST\\TST_Assignment4\\Snake Game\\SnakeGameTest\\bin\\Debug\\net6.0\\fine-code-coverage\\build-output\\SnakeGameTest.dll"]},"RunSettings":"<RunSettings>\r\n  <RunConfiguration>\r\n    <ResultsDirectory>C:\\Users\\danie\\OneDrive\\Skrivebord\\Skole\\2.sem\\TST\\TST_Assignment4\\Snake Game\\SnakeGameTest\\bin\\Debug\\net6.0\\fine-code-coverage\\coverage-tool-output</ResultsDirectory>\r\n    <TargetFrameworkVersion>.NETCoreApp,Version=v6.0</TargetFrameworkVersion>\r\n    <DesignMode>False</DesignMode>\r\n    <CollectSourceInformation>False</CollectSourceInformation>\r\n  </RunConfiguration>\r\n  <LoggerRunSettings>\r\n    <Loggers>\r\n      <Logger friendlyName=\"blame\" enabled=\"True\" />\r\n      <Logger friendlyName=\"Console\" uri=\"logger://microsoft/TestPlatform/ConsoleLogger/v1\" assemblyQualifiedName=\"Microsoft.VisualStudio.TestPlatform.CommandLine.Internal.ConsoleLogger, vstest.console, Version=15.0.0.0, Culture=neutral, PublicKeyToken=b03f5f7f11d50a3a\" codeBase=\"C:\\Program Files\\dotnet\\sdk\\6.0.401\\vstest.console.dll\" enabled=\"True\" />\r\n    </Loggers>\r\n  </LoggerRunSettings>\r\n  <DataCollectionRunSettings>\r\n    <DataCollectors>\r\n      <DataCollector friendlyName=\"blame\" enabled=\"True\">\r\n        <Configuration>\r\n          <ResultsDirectory>C:\\Users\\danie\\OneDrive\\Skrivebord\\Skole\\2.sem\\TST\\TST_Assignment4\\Snake Game\\SnakeGameTest\\bin\\Debug\\net6.0\\fine-code-coverage\\coverage-tool-output</ResultsDirectory>\r\n        </Configuration>\r\n      </DataCollector>\r\n    </DataCollectors>\r\n  </DataCollectionRunSettings>\r\n</RunSettings>","TestExecutionContext":{"FrequencyOfRunStatsChangeEvent":10,"RunStatsChangeEventTimeout":"00:00:01.5000000","InIsolation":false,"KeepAlive":false,"AreTestCaseLevelEventsRequired":false,"IsDebug":false,"TestCaseFilter":null,"FilterOptions":null},"Package":null}}
TpTrace Verbose: 0 : 27268, 10, 2022/11/17, 12:33:15.129, 147598946792, vstest.console.dll, TestRunRequest:SendTestRunMessage: Starting.
TpTrace Verbose: 0 : 27268, 10, 2022/11/17, 12:33:15.129, 147598947337, vstest.console.dll, MulticastDelegateUtilities.SafeInvoke: TestRun.LogMessages: Invoking callback 1/1 for Microsoft.VisualStudio.TestPlatform.CommandLine.TestRunResultAggregator.TestRunMessageHandler, took 0 ms.
TpTrace Verbose: 0 : 27268, 4, 2022/11/17, 12:33:15.129, 147598947476, vstest.console.dll, MulticastDelegateUtilities.SafeInvoke: InternalTestLoggerEvents.SendTestRunMessage: Invoking callback 1/1 for Microsoft.VisualStudio.TestPlatform.CommandLine.Internal.ConsoleLogger.TestMessageHandler, took 0 ms.
TpTrace Information: 0 : 27268, 10, 2022/11/17, 12:33:15.129, 147598947686, vstest.console.dll, TestRunRequest:SendTestRunMessage: Completed.
TpTrace Verbose: 0 : 27268, 10, 2022/11/17, 12:33:15.129, 147598948635, vstest.console.dll, MulticastDelegateUtilities.SafeInvoke: LengthPrefixCommunicationChannel: MessageReceived: Invoking callback 1/1 for Microsoft.VisualStudio.TestPlatform.CommunicationUtilities.TestRequestSender+<>c__DisplayClass31_0.<StartTestRun>b__1, took 1 ms.
TpTrace Verbose: 0 : 27268, 10, 2022/11/17, 12:33:15.129, 147598948864, vstest.console.dll, TcpClientExtensions.MessageLoopAsync: Polling on remoteEndPoint: 127.0.0.1:54638 localEndPoint: 127.0.0.1:54637
TpTrace Verbose: 0 : 27268, 10, 2022/11/17, 12:33:15.235, 147600007715, vstest.console.dll, TcpClientExtensions.MessageLoopAsync: NotifyDataAvailable remoteEndPoint: 127.0.0.1:54638 localEndPoint: 127.0.0.1:54637
TpTrace Verbose: 0 : 27268, 10, 2022/11/17, 12:33:15.235, 147600008588, vstest.console.dll, TestRequestSender.OnExecutionMessageReceived: Received message: {"Version":5,"MessageType":"TestSession.Message","Payload":{"MessageLevel":0,"Message":"NUnit Adapter 4.2.0.0: Test execution started"}}
TpTrace Verbose: 0 : 27268, 10, 2022/11/17, 12:33:15.235, 147600009642, vstest.console.dll, TestRunRequest:SendTestRunMessage: Starting.
TpTrace Verbose: 0 : 27268, 10, 2022/11/17, 12:33:15.235, 147600010082, vstest.console.dll, MulticastDelegateUtilities.SafeInvoke: TestRun.LogMessages: Invoking callback 1/1 for Microsoft.VisualStudio.TestPlatform.CommandLine.TestRunResultAggregator.TestRunMessageHandler, took 0 ms.
TpTrace Verbose: 0 : 27268, 4, 2022/11/17, 12:33:15.235, 147600010207, vstest.console.dll, MulticastDelegateUtilities.SafeInvoke: InternalTestLoggerEvents.SendTestRunMessage: Invoking callback 1/1 for Microsoft.VisualStudio.TestPlatform.CommandLine.Internal.ConsoleLogger.TestMessageHandler, took 0 ms.
TpTrace Information: 0 : 27268, 10, 2022/11/17, 12:33:15.235, 147600010296, vstest.console.dll, TestRunRequest:SendTestRunMessage: Completed.
TpTrace Verbose: 0 : 27268, 10, 2022/11/17, 12:33:15.235, 147600010895, vstest.console.dll, MulticastDelegateUtilities.SafeInvoke: LengthPrefixCommunicationChannel: MessageReceived: Invoking callback 1/1 for Microsoft.VisualStudio.TestPlatform.CommunicationUtilities.TestRequestSender+<>c__DisplayClass31_0.<StartTestRun>b__1, took 0 ms.
TpTrace Verbose: 0 : 27268, 10, 2022/11/17, 12:33:15.235, 147600011098, vstest.console.dll, TcpClientExtensions.MessageLoopAsync: Polling on remoteEndPoint: 127.0.0.1:54638 localEndPoint: 127.0.0.1:54637
TpTrace Verbose: 0 : 27268, 10, 2022/11/17, 12:33:15.256, 147600213980, vstest.console.dll, TcpClientExtensions.MessageLoopAsync: NotifyDataAvailable remoteEndPoint: 127.0.0.1:54638 localEndPoint: 127.0.0.1:54637
TpTrace Verbose: 0 : 27268, 10, 2022/11/17, 12:33:15.256, 147600214828, vstest.console.dll, TestRequestSender.OnExecutionMessageReceived: Received message: {"Version":5,"MessageType":"TestSession.Message","Payload":{"MessageLevel":0,"Message":"Running all tests in C:\\Users\\danie\\OneDrive\\Skrivebord\\Skole\\2.sem\\TST\\TST_Assignment4\\Snake Game\\SnakeGameTest\\bin\\Debug\\net6.0\\fine-code-coverage\\build-output\\SnakeGameTest.dll"}}
TpTrace Verbose: 0 : 27268, 10, 2022/11/17, 12:33:15.256, 147600215510, vstest.console.dll, TestRunRequest:SendTestRunMessage: Starting.
TpTrace Verbose: 0 : 27268, 10, 2022/11/17, 12:33:15.256, 147600215870, vstest.console.dll, MulticastDelegateUtilities.SafeInvoke: TestRun.LogMessages: Invoking callback 1/1 for Microsoft.VisualStudio.TestPlatform.CommandLine.TestRunResultAggregator.TestRunMessageHandler, took 0 ms.
TpTrace Verbose: 0 : 27268, 4, 2022/11/17, 12:33:15.256, 147600216048, vstest.console.dll, MulticastDelegateUtilities.SafeInvoke: InternalTestLoggerEvents.SendTestRunMessage: Invoking callback 1/1 for Microsoft.VisualStudio.TestPlatform.CommandLine.Internal.ConsoleLogger.TestMessageHandler, took 0 ms.
TpTrace Information: 0 : 27268, 10, 2022/11/17, 12:33:15.256, 147600216085, vstest.console.dll, TestRunRequest:SendTestRunMessage: Completed.
TpTrace Verbose: 0 : 27268, 10, 2022/11/17, 12:33:15.256, 147600216845, vstest.console.dll, MulticastDelegateUtilities.SafeInvoke: LengthPrefixCommunicationChannel: MessageReceived: Invoking callback 1/1 for Microsoft.VisualStudio.TestPlatform.CommunicationUtilities.TestRequestSender+<>c__DisplayClass31_0.<StartTestRun>b__1, took 0 ms.
TpTrace Verbose: 0 : 27268, 10, 2022/11/17, 12:33:15.256, 147600217151, vstest.console.dll, TcpClientExtensions.MessageLoopAsync: Polling on remoteEndPoint: 127.0.0.1:54638 localEndPoint: 127.0.0.1:54637
TpTrace Verbose: 0 : 27268, 10, 2022/11/17, 12:33:15.348, 147601139732, vstest.console.dll, TcpClientExtensions.MessageLoopAsync: NotifyDataAvailable remoteEndPoint: 127.0.0.1:54638 localEndPoint: 127.0.0.1:54637
TpTrace Verbose: 0 : 27268, 10, 2022/11/17, 12:33:15.348, 147601140517, vstest.console.dll, TestRequestSender.OnExecutionMessageReceived: Received message: {"Version":5,"MessageType":"TestSession.Message","Payload":{"MessageLevel":0,"Message":"   NUnit3TestExecutor discovered 18 of 18 NUnit test cases using Current Discovery mode, Non-Explicit run"}}
TpTrace Verbose: 0 : 27268, 10, 2022/11/17, 12:33:15.348, 147601141189, vstest.console.dll, TestRunRequest:SendTestRunMessage: Starting.
TpTrace Verbose: 0 : 27268, 10, 2022/11/17, 12:33:15.348, 147601141559, vstest.console.dll, MulticastDelegateUtilities.SafeInvoke: TestRun.LogMessages: Invoking callback 1/1 for Microsoft.VisualStudio.TestPlatform.CommandLine.TestRunResultAggregator.TestRunMessageHandler, took 0 ms.
TpTrace Information: 0 : 27268, 10, 2022/11/17, 12:33:15.348, 147601141771, vstest.console.dll, TestRunRequest:SendTestRunMessage: Completed.
TpTrace Verbose: 0 : 27268, 4, 2022/11/17, 12:33:15.348, 147601141750, vstest.console.dll, MulticastDelegateUtilities.SafeInvoke: InternalTestLoggerEvents.SendTestRunMessage: Invoking callback 1/1 for Microsoft.VisualStudio.TestPlatform.CommandLine.Internal.ConsoleLogger.TestMessageHandler, took 0 ms.
TpTrace Verbose: 0 : 27268, 10, 2022/11/17, 12:33:15.348, 147601141973, vstest.console.dll, MulticastDelegateUtilities.SafeInvoke: LengthPrefixCommunicationChannel: MessageReceived: Invoking callback 1/1 for Microsoft.VisualStudio.TestPlatform.CommunicationUtilities.TestRequestSender+<>c__DisplayClass31_0.<StartTestRun>b__1, took 0 ms.
TpTrace Verbose: 0 : 27268, 10, 2022/11/17, 12:33:15.348, 147601142722, vstest.console.dll, TcpClientExtensions.MessageLoopAsync: Polling on remoteEndPoint: 127.0.0.1:54638 localEndPoint: 127.0.0.1:54637
TpTrace Verbose: 0 : 27268, 10, 2022/11/17, 12:33:15.437, 147602024670, vstest.console.dll, TcpClientExtensions.MessageLoopAsync: NotifyDataAvailable remoteEndPoint: 127.0.0.1:54638 localEndPoint: 127.0.0.1:54637
TpTrace Verbose: 0 : 27268, 10, 2022/11/17, 12:33:15.437, 147602026525, vstest.console.dll, TestRequestSender.OnExecutionMessageReceived: Received message: {"Version":5,"MessageType":"TestExecution.StatsChange","Payload":{"NewTestResults":[{"TestCase":{"Id":"aa6d11de-e83a-77a3-b7bf-490ba8f5c849","FullyQualifiedName":"SnakeGameTest.Tests.PlayerMakesMove_InvalidMovement_ReturnsFalse(Left,Left)","DisplayName":"PlayerMakesMove_InvalidMovement_ReturnsFalse(Left,Left)","ExecutorUri":"executor://NUnit3TestExecutor","Source":"C:\\Users\\danie\\OneDrive\\Skrivebord\\Skole\\2.sem\\TST\\TST_Assignment4\\Snake Game\\SnakeGameTest\\bin\\Debug\\net6.0\\fine-code-coverage\\build-output\\SnakeGameTest.dll","CodeFilePath":null,"LineNumber":0,"Properties":[{"Key":{"Id":"NUnit.Seed","Label":"Seed","Category":"","Description":"","Attributes":0,"ValueType":"System.String"},"Value":"1202523884"}]},"Attachments":[],"Outcome":1,"ErrorMessage":null,"ErrorStackTrace":null,"DisplayName":"PlayerMakesMove_InvalidMovement_ReturnsFalse(Left,Left)","Messages":[],"ComputerName":"DESKTOP-H3J6GFB","Duration":"00:00:00.0085089","StartTime":"2022-11-17T11:33:15.3675511+00:00","EndTime":"2022-11-17T11:33:15.3759947+00:00","Properties":[{"Key":{"Id":"NUnit.Seed","Label":"Seed","Category":"","Description":"","Attributes":0,"ValueType":"System.String"},"Value":"1202523884"}]},{"TestCase":{"Id":"b82a6ad7-1ef0-1b0a-f5bb-42634e94fd77","FullyQualifiedName":"SnakeGameTest.Tests.PlayerMakesMove_InvalidMovement_ReturnsFalse(Left,Right)","DisplayName":"PlayerMakesMove_InvalidMovement_ReturnsFalse(Left,Right)","ExecutorUri":"executor://NUnit3TestExecutor","Source":"C:\\Users\\danie\\OneDrive\\Skrivebord\\Skole\\2.sem\\TST\\TST_Assignment4\\Snake Game\\SnakeGameTest\\bin\\Debug\\net6.0\\fine-code-coverage\\build-output\\SnakeGameTest.dll","CodeFilePath":null,"LineNumber":0,"Properties":[{"Key":{"Id":"NUnit.Seed","Label":"Seed","Category":"","Description":"","Attributes":0,"ValueType":"System.String"},"Value":"1283822584"}]},"Attachments":[],"Outcome":1,"ErrorMessage":null,"ErrorStackTrace":null,"DisplayName":"PlayerMakesMove_InvalidMovement_ReturnsFalse(Left,Right)","Messages":[],"ComputerName":"DESKTOP-H3J6GFB","Duration":"00:00:00.0000660","StartTime":"2022-11-17T11:33:15.377141+00:00","EndTime":"2022-11-17T11:33:15.3772072+00:00","Properties":[{"Key":{"Id":"NUnit.Seed","Label":"Seed","Category":"","Description":"","Attributes":0,"ValueType":"System.String"},"Value":"1283822584"}]},{"TestCase":{"Id":"57f0b496-ca7f-ac76-8b52-bb13fd28a7db","FullyQualifiedName":"SnakeGameTest.Tests.PlayerMakesMove_InvalidMovement_ReturnsFalse(Right,Right)","DisplayName":"PlayerMakesMove_InvalidMovement_ReturnsFalse(Right,Right)","ExecutorUri":"executor://NUnit3TestExecutor","Source":"C:\\Users\\danie\\OneDrive\\Skrivebord\\Skole\\2.sem\\TST\\TST_Assignment4\\Snake Game\\SnakeGameTest\\bin\\Debug\\net6.0\\fine-code-coverage\\build-output\\SnakeGameTest.dll","CodeFilePath":null,"LineNumber":0,"Properties":[{"Key":{"Id":"NUnit.Seed","Label":"Seed","Category":"","Description":"","Attributes":0,"ValueType":"System.String"},"Value":"1157452952"}]},"Attachments":[],"Outcome":1,"ErrorMessage":null,"ErrorStackTrace":null,"DisplayName":"PlayerMakesMove_InvalidMovement_ReturnsFalse(Right,Right)","Messages":[],"ComputerName":"DESKTOP-H3J6GFB","Duration":"00:00:00.0000130","StartTime":"2022-11-17T11:33:15.3772169+00:00","EndTime":"2022-11-17T11:33:15.3772302+00:00","Properties":[{"Key":{"Id":"NUnit.Seed","Label":"Seed","Category":"","Description":"","Attributes":0,"ValueType":"System.String"},"Value":"1157452952"}]},{"TestCase":{"Id":"3569da6e-b1e2-9b6f-101b-1cac0a6e8d3d","FullyQualifiedName":"SnakeGameTest.Tests.PlayerMakesMove_InvalidMovement_ReturnsFalse(Right,Left)","DisplayName":"PlayerMakesMove_InvalidMovement_ReturnsFalse(Right,Left)","ExecutorUri":"executor://NUnit3TestExecutor","Source":"C:\\Users\\danie\\OneDrive\\Skrivebord\\Skole\\2.sem\\TST\\TST_Assignment4\\Snake Game\\SnakeGameTest\\bin\\Debug\\net6.0\\fine-code-coverage\\build-output\\SnakeGameTest.dll","CodeFilePath":null,"LineNumber":0,"Properties":[{"Key":{"Id":"NUnit.Seed","Label":"Seed","Category":"","Description":"","Attributes":0,"ValueType":"System.String"},"Value":"1638486406"}]},"Attachments":[],"Outcome":1,"ErrorMessage":null,"ErrorStackTrace":null,"DisplayName":"PlayerMakesMove_InvalidMovement_ReturnsFalse(Right,Left)","Messages":[],"ComputerName":"DESKTOP-H3J6GFB","Duration":"00:00:00.0000090","StartTime":"2022-11-17T11:33:15.3772343+00:00","EndTime":"2022-11-17T11:33:15.3772437+00:00","Properties":[{"Key":{"Id":"NUnit.Seed","Label":"Seed","Category":"","Description":"","Attributes":0,"ValueType":"System.String"},"Value":"1638486406"}]},{"TestCase":{"Id":"0d57d87c-5f73-1121-8038-f3fc2d092ab4","FullyQualifiedName":"SnakeGameTest.Tests.PlayerMakesMove_InvalidMovement_ReturnsFalse(Up,Up)","DisplayName":"PlayerMakesMove_InvalidMovement_ReturnsFalse(Up,Up)","ExecutorUri":"executor://NUnit3TestExecutor","Source":"C:\\Users\\danie\\OneDrive\\Skrivebord\\Skole\\2.sem\\TST\\TST_Assignment4\\Snake Game\\SnakeGameTest\\bin\\Debug\\net6.0\\fine-code-coverage\\build-output\\SnakeGameTest.dll","CodeFilePath":null,"LineNumber":0,"Properties":[{"Key":{"Id":"NUnit.Seed","Label":"Seed","Category":"","Description":"","Attributes":0,"ValueType":"System.String"},"Value":"663024986"}]},"Attachments":[],"Outcome":1,"ErrorMessage":null,"ErrorStackTrace":null,"DisplayName":"PlayerMakesMove_InvalidMovement_ReturnsFalse(Up,Up)","Messages":[],"ComputerName":"DESKTOP-H3J6GFB","Duration":"00:00:00.0000120","StartTime":"2022-11-17T11:33:15.377247+00:00","EndTime":"2022-11-17T11:33:15.377259+00:00","Properties":[{"Key":{"Id":"NUnit.Seed","Label":"Seed","Category":"","Description":"","Attributes":0,"ValueType":"System.String"},"Value":"663024986"}]},{"TestCase":{"Id":"4747eedd-a92d-7ea6-f57a-4e0290dd561b","FullyQualifiedName":"SnakeGameTest.Tests.PlayerMakesMove_InvalidMovement_ReturnsFalse(Up,Down)","DisplayName":"PlayerMakesMove_InvalidMovement_ReturnsFalse(Up,Down)","ExecutorUri":"executor://NUnit3TestExecutor","Source":"C:\\Users\\danie\\OneDrive\\Skrivebord\\Skole\\2.sem\\TST\\TST_Assignment4\\Snake Game\\SnakeGameTest\\bin\\Debug\\net6.0\\fine-code-coverage\\build-output\\SnakeGameTest.dll","CodeFilePath":null,"LineNumber":0,"Properties":[{"Key":{"Id":"NUnit.Seed","Label":"Seed","Category":"","Description":"","Attributes":0,"ValueType":"System.String"},"Value":"602548383"}]},"Attachments":[],"Outcome":1,"ErrorMessage":null,"ErrorStackTrace":null,"DisplayName":"PlayerMakesMove_InvalidMovement_ReturnsFalse(Up,Down)","Messages":[],"ComputerName":"DESKTOP-H3J6GFB","Duration":"00:00:00.0000080","StartTime":"2022-11-17T11:33:15.3772628+00:00","EndTime":"2022-11-17T11:33:15.377271+00:00","Properties":[{"Key":{"Id":"NUnit.Seed","Label":"Seed","Category":"","Description":"","Attributes":0,"ValueType":"System.String"},"Value":"602548383"}]},{"TestCase":{"Id":"2e52df0e-0eb8-0e50-7de8-487feca583ba","FullyQualifiedName":"SnakeGameTest.Tests.PlayerMakesMove_InvalidMovement_ReturnsFalse(Down,Down)","DisplayName":"PlayerMakesMove_InvalidMovement_ReturnsFalse(Down,Down)","ExecutorUri":"executor://NUnit3TestExecutor","Source":"C:\\Users\\danie\\OneDrive\\Skrivebord\\Skole\\2.sem\\TST\\TST_Assignment4\\Snake Game\\SnakeGameTest\\bin\\Debug\\net6.0\\fine-code-coverage\\build-output\\SnakeGameTest.dll","CodeFilePath":null,"LineNumber":0,"Properties":[{"Key":{"Id":"NUnit.Seed","Label":"Seed","Category":"","Description":"","Attributes":0,"ValueType":"System.String"},"Value":"656639034"}]},"Attachments":[],"Outcome":1,"ErrorMessage":null,"ErrorStackTrace":null,"DisplayName":"PlayerMakesMove_InvalidMovement_ReturnsFalse(Down,Down)","Messages":[],"ComputerName":"DESKTOP-H3J6GFB","Duration":"00:00:00.0000140","StartTime":"2022-11-17T11:33:15.3772743+00:00","EndTime":"2022-11-17T11:33:15.3772881+00:00","Properties":[{"Key":{"Id":"NUnit.Seed","Label":"Seed","Category":"","Description":"","Attributes":0,"ValueType":"System.String"},"Value":"656639034"}]},{"TestCase":{"Id":"a0e2f7dd-635f-fea5-1af3-a359430fbcab","FullyQualifiedName":"SnakeGameTest.Tests.PlayerMakesMove_InvalidMovement_ReturnsFalse(Down,Up)","DisplayName":"PlayerMakesMove_InvalidMovement_ReturnsFalse(Down,Up)","ExecutorUri":"executor://NUnit3TestExecutor","Source":"C:\\Users\\danie\\OneDrive\\Skrivebord\\Skole\\2.sem\\TST\\TST_Assignment4\\Snake Game\\SnakeGameTest\\bin\\Debug\\net6.0\\fine-code-coverage\\build-output\\SnakeGameTest.dll","CodeFilePath":null,"LineNumber":0,"Properties":[{"Key":{"Id":"NUnit.Seed","Label":"Seed","Category":"","Description":"","Attributes":0,"ValueType":"System.String"},"Value":"1646578331"}]},"Attachments":[],"Outcome":1,"ErrorMessage":null,"ErrorStackTrace":null,"DisplayName":"PlayerMakesMove_InvalidMovement_ReturnsFalse(Down,Up)","Messages":[],"ComputerName":"DESKTOP-H3J6GFB","Duration":"00:00:00.0000120","StartTime":"2022-11-17T11:33:15.3772919+00:00","EndTime":"2022-11-17T11:33:15.3773039+00:00","Properties":[{"Key":{"Id":"NUnit.Seed","Label":"Seed","Category":"","Description":"","Attributes":0,"ValueType":"System.String"},"Value":"1646578331"}]},{"TestCase":{"Id":"541a9bc0-5b2f-074e-4458-b7c25ad2c9f7","FullyQualifiedName":"SnakeGameTest.Tests.PlayerMakesMove_ValidMovement_ReturnsTrue(Left,Up)","DisplayName":"PlayerMakesMove_ValidMovement_ReturnsTrue(Left,Up)","ExecutorUri":"executor://NUnit3TestExecutor","Source":"C:\\Users\\danie\\OneDrive\\Skrivebord\\Skole\\2.sem\\TST\\TST_Assignment4\\Snake Game\\SnakeGameTest\\bin\\Debug\\net6.0\\fine-code-coverage\\build-output\\SnakeGameTest.dll","CodeFilePath":null,"LineNumber":0,"Properties":[{"Key":{"Id":"NUnit.Seed","Label":"Seed","Category":"","Description":"","Attributes":0,"ValueType":"System.String"},"Value":"2048136173"}]},"Attachments":[],"Outcome":1,"ErrorMessage":null,"ErrorStackTrace":null,"DisplayName":"PlayerMakesMove_ValidMovement_ReturnsTrue(Left,Up)","Messages":[],"ComputerName":"DESKTOP-H3J6GFB","Duration":"00:00:00.0000970","StartTime":"2022-11-17T11:33:15.3782312+00:00","EndTime":"2022-11-17T11:33:15.3783277+00:00","Properties":[{"Key":{"Id":"NUnit.Seed","Label":"Seed","Category":"","Description":"","Attributes":0,"ValueType":"System.String"},"Value":"2048136173"}]}],"TestRunStatistics":{"ExecutedTests":9,"Stats":{"Passed":9}},"ActiveTests":[{"Id":"e02a8ee6-354f-c2fb-6f97-fc5237a3c784","FullyQualifiedName":"SnakeGameTest.Tests.PlayerMakesMove_ValidMovement_ReturnsTrue(Left,Down)","DisplayName":"PlayerMakesMove_ValidMovement_ReturnsTrue(Left,Down)","ExecutorUri":"executor://NUnit3TestExecutor","Source":"C:\\Users\\danie\\OneDrive\\Skrivebord\\Skole\\2.sem\\TST\\TST_Assignment4\\Snake Game\\SnakeGameTest\\bin\\Debug\\net6.0\\fine-code-coverage\\build-output\\SnakeGameTest.dll","CodeFilePath":null,"LineNumber":0,"Properties":[{"Key":{"Id":"NUnit.Seed","Label":"Seed","Category":"","Description":"","Attributes":0,"ValueType":"System.String"},"Value":"160854097"}]}]}}
TpTrace Verbose: 0 : 27268, 10, 2022/11/17, 12:33:15.455, 147602209152, vstest.console.dll, TestRunRequest:SendTestRunStatsChange: Starting.
TpTrace Verbose: 0 : 27268, 10, 2022/11/17, 12:33:15.455, 147602210076, vstest.console.dll, InProgress is PlayerMakesMove_ValidMovement_ReturnsTrue(Left,Down)
TpTrace Verbose: 0 : 27268, 10, 2022/11/17, 12:33:15.455, 147602211378, vstest.console.dll, MulticastDelegateUtilities.SafeInvoke: TestRun.RunStatsChanged: Invoking callbacks was skipped because there are no subscribers.
TpTrace Information: 0 : 27268, 10, 2022/11/17, 12:33:15.455, 147602211696, vstest.console.dll, TestRunRequest:SendTestRunStatsChange: Completed.
TpTrace Verbose: 0 : 27268, 10, 2022/11/17, 12:33:15.455, 147602211971, vstest.console.dll, MulticastDelegateUtilities.SafeInvoke: LengthPrefixCommunicationChannel: MessageReceived: Invoking callback 1/1 for Microsoft.VisualStudio.TestPlatform.CommunicationUtilities.TestRequestSender+<>c__DisplayClass31_0.<StartTestRun>b__1, took 18 ms.
TpTrace Verbose: 0 : 27268, 10, 2022/11/17, 12:33:15.455, 147602212214, vstest.console.dll, TcpClientExtensions.MessageLoopAsync: Polling on remoteEndPoint: 127.0.0.1:54638 localEndPoint: 127.0.0.1:54637
TpTrace Verbose: 0 : 27268, 10, 2022/11/17, 12:33:15.455, 147602212502, vstest.console.dll, TcpClientExtensions.MessageLoopAsync: NotifyDataAvailable remoteEndPoint: 127.0.0.1:54638 localEndPoint: 127.0.0.1:54637
TpTrace Verbose: 0 : 27268, 10, 2022/11/17, 12:33:15.456, 147602212912, vstest.console.dll, TestRequestSender.OnExecutionMessageReceived: Received message: {"Version":5,"MessageType":"TestSession.Message","Payload":{"MessageLevel":0,"Message":"NUnit Adapter 4.2.0.0: Test execution complete"}}
TpTrace Verbose: 0 : 27268, 10, 2022/11/17, 12:33:15.456, 147602213422, vstest.console.dll, TestRunRequest:SendTestRunMessage: Starting.
TpTrace Verbose: 0 : 27268, 10, 2022/11/17, 12:33:15.456, 147602213736, vstest.console.dll, MulticastDelegateUtilities.SafeInvoke: TestRun.LogMessages: Invoking callback 1/1 for Microsoft.VisualStudio.TestPlatform.CommandLine.TestRunResultAggregator.TestRunMessageHandler, took 0 ms.
TpTrace Information: 0 : 27268, 10, 2022/11/17, 12:33:15.456, 147602213942, vstest.console.dll, TestRunRequest:SendTestRunMessage: Completed.
TpTrace Verbose: 0 : 27268, 10, 2022/11/17, 12:33:15.456, 147602214170, vstest.console.dll, MulticastDelegateUtilities.SafeInvoke: LengthPrefixCommunicationChannel: MessageReceived: Invoking callback 1/1 for Microsoft.VisualStudio.TestPlatform.CommunicationUtilities.TestRequestSender+<>c__DisplayClass31_0.<StartTestRun>b__1, took 0 ms.
TpTrace Verbose: 0 : 27268, 10, 2022/11/17, 12:33:15.456, 147602214422, vstest.console.dll, TcpClientExtensions.MessageLoopAsync: Polling on remoteEndPoint: 127.0.0.1:54638 localEndPoint: 127.0.0.1:54637
TpTrace Verbose: 0 : 27268, 4, 2022/11/17, 12:33:15.458, 147602233331, vstest.console.dll, MulticastDelegateUtilities.SafeInvoke: InternalTestLoggerEvents.SendTestResult: Invoking callback 1/1 for Microsoft.VisualStudio.TestPlatform.CommandLine.Internal.ConsoleLogger.TestResultHandler, took 2 ms.
TpTrace Verbose: 0 : 27268, 4, 2022/11/17, 12:33:15.458, 147602234030, vstest.console.dll, MulticastDelegateUtilities.SafeInvoke: InternalTestLoggerEvents.SendTestResult: Invoking callback 1/1 for Microsoft.VisualStudio.TestPlatform.CommandLine.Internal.ConsoleLogger.TestResultHandler, took 0 ms.
TpTrace Verbose: 0 : 27268, 4, 2022/11/17, 12:33:15.458, 147602234532, vstest.console.dll, MulticastDelegateUtilities.SafeInvoke: InternalTestLoggerEvents.SendTestResult: Invoking callback 1/1 for Microsoft.VisualStudio.TestPlatform.CommandLine.Internal.ConsoleLogger.TestResultHandler, took 0 ms.
TpTrace Verbose: 0 : 27268, 4, 2022/11/17, 12:33:15.458, 147602234874, vstest.console.dll, MulticastDelegateUtilities.SafeInvoke: InternalTestLoggerEvents.SendTestResult: Invoking callback 1/1 for Microsoft.VisualStudio.TestPlatform.CommandLine.Internal.ConsoleLogger.TestResultHandler, took 0 ms.
TpTrace Verbose: 0 : 27268, 4, 2022/11/17, 12:33:15.458, 147602235189, vstest.console.dll, MulticastDelegateUtilities.SafeInvoke: InternalTestLoggerEvents.SendTestResult: Invoking callback 1/1 for Microsoft.VisualStudio.TestPlatform.CommandLine.Internal.ConsoleLogger.TestResultHandler, took 0 ms.
TpTrace Verbose: 0 : 27268, 4, 2022/11/17, 12:33:15.458, 147602235586, vstest.console.dll, MulticastDelegateUtilities.SafeInvoke: InternalTestLoggerEvents.SendTestResult: Invoking callback 1/1 for Microsoft.VisualStudio.TestPlatform.CommandLine.Internal.ConsoleLogger.TestResultHandler, took 0 ms.
TpTrace Verbose: 0 : 27268, 4, 2022/11/17, 12:33:15.458, 147602235920, vstest.console.dll, MulticastDelegateUtilities.SafeInvoke: InternalTestLoggerEvents.SendTestResult: Invoking callback 1/1 for Microsoft.VisualStudio.TestPlatform.CommandLine.Internal.ConsoleLogger.TestResultHandler, took 0 ms.
TpTrace Verbose: 0 : 27268, 4, 2022/11/17, 12:33:15.458, 147602236231, vstest.console.dll, MulticastDelegateUtilities.SafeInvoke: InternalTestLoggerEvents.SendTestResult: Invoking callback 1/1 for Microsoft.VisualStudio.TestPlatform.CommandLine.Internal.ConsoleLogger.TestResultHandler, took 0 ms.
TpTrace Verbose: 0 : 27268, 4, 2022/11/17, 12:33:15.458, 147602236575, vstest.console.dll, MulticastDelegateUtilities.SafeInvoke: InternalTestLoggerEvents.SendTestResult: Invoking callback 1/1 for Microsoft.VisualStudio.TestPlatform.CommandLine.Internal.ConsoleLogger.TestResultHandler, took 0 ms.
TpTrace Verbose: 0 : 27268, 4, 2022/11/17, 12:33:15.458, 147602236846, vstest.console.dll, MulticastDelegateUtilities.SafeInvoke: InternalTestLoggerEvents.SendTestRunMessage: Invoking callback 1/1 for Microsoft.VisualStudio.TestPlatform.CommandLine.Internal.ConsoleLogger.TestMessageHandler, took 0 ms.
TpTrace Verbose: 0 : 27268, 10, 2022/11/17, 12:33:15.465, 147602311177, vstest.console.dll, TcpClientExtensions.MessageLoopAsync: NotifyDataAvailable remoteEndPoint: 127.0.0.1:54638 localEndPoint: 127.0.0.1:54637
TpTrace Verbose: 0 : 27268, 10, 2022/11/17, 12:33:15.465, 147602312846, vstest.console.dll, TestRequestSender.OnExecutionMessageReceived: Received message: {"Version":5,"MessageType":"TestExecution.Completed","Payload":{"TestRunCompleteArgs":{"TestRunStatistics":{"ExecutedTests":18,"Stats":{"Passed":18}},"IsCanceled":false,"IsAborted":false,"Error":null,"AttachmentSets":[],"ElapsedTimeInRunningTests":"00:00:00.2348365","Metrics":{}},"LastRunTests":{"NewTestResults":[{"TestCase":{"Id":"e02a8ee6-354f-c2fb-6f97-fc5237a3c784","FullyQualifiedName":"SnakeGameTest.Tests.PlayerMakesMove_ValidMovement_ReturnsTrue(Left,Down)","DisplayName":"PlayerMakesMove_ValidMovement_ReturnsTrue(Left,Down)","ExecutorUri":"executor://NUnit3TestExecutor","Source":"C:\\Users\\danie\\OneDrive\\Skrivebord\\Skole\\2.sem\\TST\\TST_Assignment4\\Snake Game\\SnakeGameTest\\bin\\Debug\\net6.0\\fine-code-coverage\\build-output\\SnakeGameTest.dll","CodeFilePath":null,"LineNumber":0,"Properties":[{"Key":{"Id":"NUnit.Seed","Label":"Seed","Category":"","Description":"","Attributes":0,"ValueType":"System.String"},"Value":"160854097"}]},"Attachments":[],"Outcome":1,"ErrorMessage":null,"ErrorStackTrace":null,"DisplayName":"PlayerMakesMove_ValidMovement_ReturnsTrue(Left,Down)","Messages":[],"ComputerName":"DESKTOP-H3J6GFB","Duration":"00:00:00.0000190","StartTime":"2022-11-17T11:33:15.3783339+00:00","EndTime":"2022-11-17T11:33:15.3783527+00:00","Properties":[{"Key":{"Id":"NUnit.Seed","Label":"Seed","Category":"","Description":"","Attributes":0,"ValueType":"System.String"},"Value":"160854097"}]},{"TestCase":{"Id":"6f68ed43-01b3-04e3-7ae4-ae9ac298f0fa","FullyQualifiedName":"SnakeGameTest.Tests.PlayerMakesMove_ValidMovement_ReturnsTrue(Right,Up)","DisplayName":"PlayerMakesMove_ValidMovement_ReturnsTrue(Right,Up)","ExecutorUri":"executor://NUnit3TestExecutor","Source":"C:\\Users\\danie\\OneDrive\\Skrivebord\\Skole\\2.sem\\TST\\TST_Assignment4\\Snake Game\\SnakeGameTest\\bin\\Debug\\net6.0\\fine-code-coverage\\build-output\\SnakeGameTest.dll","CodeFilePath":null,"LineNumber":0,"Properties":[{"Key":{"Id":"NUnit.Seed","Label":"Seed","Category":"","Description":"","Attributes":0,"ValueType":"System.String"},"Value":"743585657"}]},"Attachments":[],"Outcome":1,"ErrorMessage":null,"ErrorStackTrace":null,"DisplayName":"PlayerMakesMove_ValidMovement_ReturnsTrue(Right,Up)","Messages":[],"ComputerName":"DESKTOP-H3J6GFB","Duration":"00:00:00.0000090","StartTime":"2022-11-17T11:33:15.3783572+00:00","EndTime":"2022-11-17T11:33:15.3783664+00:00","Properties":[{"Key":{"Id":"NUnit.Seed","Label":"Seed","Category":"","Description":"","Attributes":0,"ValueType":"System.String"},"Value":"743585657"}]},{"TestCase":{"Id":"0bb3880a-baea-de33-1844-9c4ee6a929a0","FullyQualifiedName":"SnakeGameTest.Tests.PlayerMakesMove_ValidMovement_ReturnsTrue(Right,Down)","DisplayName":"PlayerMakesMove_ValidMovement_ReturnsTrue(Right,Down)","ExecutorUri":"executor://NUnit3TestExecutor","Source":"C:\\Users\\danie\\OneDrive\\Skrivebord\\Skole\\2.sem\\TST\\TST_Assignment4\\Snake Game\\SnakeGameTest\\bin\\Debug\\net6.0\\fine-code-coverage\\build-output\\SnakeGameTest.dll","CodeFilePath":null,"LineNumber":0,"Properties":[{"Key":{"Id":"NUnit.Seed","Label":"Seed","Category":"","Description":"","Attributes":0,"ValueType":"System.String"},"Value":"361401775"}]},"Attachments":[],"Outcome":1,"ErrorMessage":null,"ErrorStackTrace":null,"DisplayName":"PlayerMakesMove_ValidMovement_ReturnsTrue(Right,Down)","Messages":[],"ComputerName":"DESKTOP-H3J6GFB","Duration":"00:00:00.0000090","StartTime":"2022-11-17T11:33:15.37837+00:00","EndTime":"2022-11-17T11:33:15.3783789+00:00","Properties":[{"Key":{"Id":"NUnit.Seed","Label":"Seed","Category":"","Description":"","Attributes":0,"ValueType":"System.String"},"Value":"361401775"}]},{"TestCase":{"Id":"401fa829-a8aa-b7a1-c85f-4bd91c4280b0","FullyQualifiedName":"SnakeGameTest.Tests.PlayerMakesMove_ValidMovement_ReturnsTrue(Up,Left)","DisplayName":"PlayerMakesMove_ValidMovement_ReturnsTrue(Up,Left)","ExecutorUri":"executor://NUnit3TestExecutor","Source":"C:\\Users\\danie\\OneDrive\\Skrivebord\\Skole\\2.sem\\TST\\TST_Assignment4\\Snake Game\\SnakeGameTest\\bin\\Debug\\net6.0\\fine-code-coverage\\build-output\\SnakeGameTest.dll","CodeFilePath":null,"LineNumber":0,"Properties":[{"Key":{"Id":"NUnit.Seed","Label":"Seed","Category":"","Description":"","Attributes":0,"ValueType":"System.String"},"Value":"607043257"}]},"Attachments":[],"Outcome":1,"ErrorMessage":null,"ErrorStackTrace":null,"DisplayName":"PlayerMakesMove_ValidMovement_ReturnsTrue(Up,Left)","Messages":[],"ComputerName":"DESKTOP-H3J6GFB","Duration":"00:00:00.0000120","StartTime":"2022-11-17T11:33:15.3783823+00:00","EndTime":"2022-11-17T11:33:15.3783945+00:00","Properties":[{"Key":{"Id":"NUnit.Seed","Label":"Seed","Category":"","Description":"","Attributes":0,"ValueType":"System.String"},"Value":"607043257"}]},{"TestCase":{"Id":"628f24bb-9fc0-c8df-633a-9f4d879f3f75","FullyQualifiedName":"SnakeGameTest.Tests.PlayerMakesMove_ValidMovement_ReturnsTrue(Up,Right)","DisplayName":"PlayerMakesMove_ValidMovement_ReturnsTrue(Up,Right)","ExecutorUri":"executor://NUnit3TestExecutor","Source":"C:\\Users\\danie\\OneDrive\\Skrivebord\\Skole\\2.sem\\TST\\TST_Assignment4\\Snake Game\\SnakeGameTest\\bin\\Debug\\net6.0\\fine-code-coverage\\build-output\\SnakeGameTest.dll","CodeFilePath":null,"LineNumber":0,"Properties":[{"Key":{"Id":"NUnit.Seed","Label":"Seed","Category":"","Description":"","Attributes":0,"ValueType":"System.String"},"Value":"149961665"}]},"Attachments":[],"Outcome":1,"ErrorMessage":null,"ErrorStackTrace":null,"DisplayName":"PlayerMakesMove_ValidMovement_ReturnsTrue(Up,Right)","Messages":[],"ComputerName":"DESKTOP-H3J6GFB","Duration":"00:00:00.0000090","StartTime":"2022-11-17T11:33:15.3783984+00:00","EndTime":"2022-11-17T11:33:15.378407+00:00","Properties":[{"Key":{"Id":"NUnit.Seed","Label":"Seed","Category":"","Description":"","Attributes":0,"ValueType":"System.String"},"Value":"149961665"}]},{"TestCase":{"Id":"0c8bb6af-207a-1745-3ceb-102d667d7807","FullyQualifiedName":"SnakeGameTest.Tests.PlayerMakesMove_ValidMovement_ReturnsTrue(Down,Left)","DisplayName":"PlayerMakesMove_ValidMovement_ReturnsTrue(Down,Left)","ExecutorUri":"executor://NUnit3TestExecutor","Source":"C:\\Users\\danie\\OneDrive\\Skrivebord\\Skole\\2.sem\\TST\\TST_Assignment4\\Snake Game\\SnakeGameTest\\bin\\Debug\\net6.0\\fine-code-coverage\\build-output\\SnakeGameTest.dll","CodeFilePath":null,"LineNumber":0,"Properties":[{"Key":{"Id":"NUnit.Seed","Label":"Seed","Category":"","Description":"","Attributes":0,"ValueType":"System.String"},"Value":"912289925"}]},"Attachments":[],"Outcome":1,"ErrorMessage":null,"ErrorStackTrace":null,"DisplayName":"PlayerMakesMove_ValidMovement_ReturnsTrue(Down,Left)","Messages":[],"ComputerName":"DESKTOP-H3J6GFB","Duration":"00:00:00.0000080","StartTime":"2022-11-17T11:33:15.3784104+00:00","EndTime":"2022-11-17T11:33:15.3784184+00:00","Properties":[{"Key":{"Id":"NUnit.Seed","Label":"Seed","Category":"","Description":"","Attributes":0,"ValueType":"System.String"},"Value":"912289925"}]},{"TestCase":{"Id":"850aca7e-0f68-863f-1fdd-a54f02be1248","FullyQualifiedName":"SnakeGameTest.Tests.PlayerMakesMove_ValidMovement_ReturnsTrue(Down,Right)","DisplayName":"PlayerMakesMove_ValidMovement_ReturnsTrue(Down,Right)","ExecutorUri":"executor://NUnit3TestExecutor","Source":"C:\\Users\\danie\\OneDrive\\Skrivebord\\Skole\\2.sem\\TST\\TST_Assignment4\\Snake Game\\SnakeGameTest\\bin\\Debug\\net6.0\\fine-code-coverage\\build-output\\SnakeGameTest.dll","CodeFilePath":null,"LineNumber":0,"Properties":[{"Key":{"Id":"NUnit.Seed","Label":"Seed","Category":"","Description":"","Attributes":0,"ValueType":"System.String"},"Value":"2099484399"}]},"Attachments":[],"Outcome":1,"ErrorMessage":null,"ErrorStackTrace":null,"DisplayName":"PlayerMakesMove_ValidMovement_ReturnsTrue(Down,Right)","Messages":[],"ComputerName":"DESKTOP-H3J6GFB","Duration":"00:00:00.0000100","StartTime":"2022-11-17T11:33:15.3784248+00:00","EndTime":"2022-11-17T11:33:15.3784347+00:00","Properties":[{"Key":{"Id":"NUnit.Seed","Label":"Seed","Category":"","Description":"","Attributes":0,"ValueType":"System.String"},"Value":"2099484399"}]},{"TestCase":{"Id":"55c3ef09-ad4c-8607-3a2c-e64c8fa11218","FullyQualifiedName":"SnakeGameTest.Tests.SnakeSizeLessThan3","DisplayName":"SnakeSizeLessThan3","ExecutorUri":"executor://NUnit3TestExecutor","Source":"C:\\Users\\danie\\OneDrive\\Skrivebord\\Skole\\2.sem\\TST\\TST_Assignment4\\Snake Game\\SnakeGameTest\\bin\\Debug\\net6.0\\fine-code-coverage\\build-output\\SnakeGameTest.dll","CodeFilePath":null,"LineNumber":0,"Properties":[{"Key":{"Id":"NUnit.Seed","Label":"Seed","Category":"","Description":"","Attributes":0,"ValueType":"System.String"},"Value":"459284666"}]},"Attachments":[],"Outcome":1,"ErrorMessage":null,"ErrorStackTrace":null,"DisplayName":"SnakeSizeLessThan3","Messages":[],"ComputerName":"DESKTOP-H3J6GFB","Duration":"00:00:00.0033480","StartTime":"2022-11-17T11:33:15.3784589+00:00","EndTime":"2022-11-17T11:33:15.3818063+00:00","Properties":[{"Key":{"Id":"NUnit.Seed","Label":"Seed","Category":"","Description":"","Attributes":0,"ValueType":"System.String"},"Value":"459284666"}]},{"TestCase":{"Id":"8fd5adbf-7d0f-c92f-6a05-115d65009243","FullyQualifiedName":"SnakeGameTest.Tests.TestGameState","DisplayName":"TestGameState","ExecutorUri":"executor://NUnit3TestExecutor","Source":"C:\\Users\\danie\\OneDrive\\Skrivebord\\Skole\\2.sem\\TST\\TST_Assignment4\\Snake Game\\SnakeGameTest\\bin\\Debug\\net6.0\\fine-code-coverage\\build-output\\SnakeGameTest.dll","CodeFilePath":null,"LineNumber":0,"Properties":[{"Key":{"Id":"NUnit.Seed","Label":"Seed","Category":"","Description":"","Attributes":0,"ValueType":"System.String"},"Value":"953280784"}]},"Attachments":[],"Outcome":1,"ErrorMessage":null,"ErrorStackTrace":null,"DisplayName":"TestGameState","Messages":[],"ComputerName":"DESKTOP-H3J6GFB","Duration":"00:00:00.0014240","StartTime":"2022-11-17T11:33:15.3818134+00:00","EndTime":"2022-11-17T11:33:15.3832375+00:00","Properties":[{"Key":{"Id":"NUnit.Seed","Label":"Seed","Category":"","Description":"","Attributes":0,"ValueType":"System.String"},"Value":"953280784"}]}],"TestRunStatistics":{"ExecutedTests":18,"Stats":{"Passed":18}},"ActiveTests":[]},"RunAttachments":[],"ExecutorUris":["executor://nunit3testexecutor/"]}}
TpTrace Verbose: 0 : 27268, 10, 2022/11/17, 12:33:15.466, 147602314102, vstest.console.dll, TestRequestSender.EndSession: Sending end session.
TpTrace Verbose: 0 : 27268, 10, 2022/11/17, 12:33:15.466, 147602315091, vstest.console.dll, ProxyOperationManager.Close: waiting for test host to exit for 100 ms
TpTrace Warning: 0 : 27268, 12, 2022/11/17, 12:33:15.475, 147602407251, vstest.console.dll, TestHostManagerCallbacks.ErrorReceivedCallback Test host standard error line: 
TpTrace Verbose: 0 : 27268, 12, 2022/11/17, 12:33:15.479, 147602450938, vstest.console.dll, TestHostProvider.ExitCallBack: Host exited starting callback.
TpTrace Information: 0 : 27268, 12, 2022/11/17, 12:33:15.480, 147602453832, vstest.console.dll, TestHostManagerCallbacks.ExitCallBack: Testhost processId: 23416 exited with exitcode: 0 error: ''
TpTrace Verbose: 0 : 27268, 12, 2022/11/17, 12:33:15.480, 147602454223, vstest.console.dll, DotnetTestHostManager.OnHostExited: invoking OnHostExited callback
TpTrace Verbose: 0 : 27268, 12, 2022/11/17, 12:33:15.480, 147602454622, vstest.console.dll, CrossPlatEngine.TestHostManagerHostExited: calling on client process exit callback.
TpTrace Information: 0 : 27268, 12, 2022/11/17, 12:33:15.480, 147602455002, vstest.console.dll, TestRequestSender.OnClientProcessExit: Test host process exited. Standard error: 
TpTrace Information: 0 : 27268, 10, 2022/11/17, 12:33:15.480, 147602455230, vstest.console.dll, SocketServer.Stop: Stop server endPoint: 127.0.0.1:54637
TpTrace Information: 0 : 27268, 12, 2022/11/17, 12:33:15.480, 147602455300, vstest.console.dll, SocketServer.Stop: Stop server endPoint: 127.0.0.1:54637
TpTrace Information: 0 : 27268, 10, 2022/11/17, 12:33:15.480, 147602455723, vstest.console.dll, SocketServer.Stop: Cancellation requested. Stopping message loop.
TpTrace Information: 0 : 27268, 12, 2022/11/17, 12:33:15.480, 147602455968, vstest.console.dll, SocketServer.Stop: Cancellation requested. Stopping message loop.
TpTrace Verbose: 0 : 27268, 12, 2022/11/17, 12:33:15.480, 147602456562, vstest.console.dll, MulticastDelegateUtilities.SafeInvoke: HostProviderEvents.OnHostExited: Invoking callback 1/1 for Microsoft.VisualStudio.TestPlatform.CrossPlatEngine.Client.ProxyOperationManager.TestHostManagerHostExited, took 0 ms.
TpTrace Information: 0 : 27268, 10, 2022/11/17, 12:33:15.480, 147602456641, vstest.console.dll, Closing the connection
TpTrace Verbose: 0 : 27268, 10, 2022/11/17, 12:33:15.480, 147602458319, vstest.console.dll, ProxyDataCollectionManager.InvokeDataCollectionServiceAction: Starting.
TpTrace Information: 0 : 27268, 10, 2022/11/17, 12:33:15.480, 147602458762, vstest.console.dll, ProxyDataCollectionManager.AfterTestRunEnd: Get attachment set and invoked data collectors processId: 20632 port: 54634
TpTrace Verbose: 0 : 27268, 10, 2022/11/17, 12:33:15.480, 147602459138, vstest.console.dll, DataCollectionRequestSender.SendAfterTestRunStartAndGetResult: Send AfterTestRunEnd message with isCancelled: False
TpTrace Verbose: 0 : 27268, 10, 2022/11/17, 12:33:15.485, 147602503542, vstest.console.dll, DataCollectionRequestSender.SendAfterTestRunStartAndGetResult: Received message: (DataCollection.AfterTestRunEndResult) -> {"MessageType":"DataCollection.AfterTestRunEndResult","Payload":{"AttachmentSets":[],"InvokedDataCollectors":[{"Uri":"datacollector://Microsoft/TestPlatform/Extensions/Blame/v1","FriendlyName":"Blame","AssemblyQualifiedName":"Microsoft.TestPlatform.Extensions.BlameDataCollector.BlameCollector, Microsoft.TestPlatform.Extensions.BlameDataCollector, Version=15.0.0.0, Culture=neutral, PublicKeyToken=b03f5f7f11d50a3a","FilePath":"C:\\Program Files\\dotnet\\sdk\\6.0.401\\Extensions\\Microsoft.TestPlatform.Extensions.BlameDataCollector.dll","HasAttachmentProcessor":false}],"Metrics":{}}}
TpTrace Warning: 0 : 27268, 9, 2022/11/17, 12:33:15.487, 147602528294, vstest.console.dll, DataCollectionLauncher.ErrorReceivedCallback datacollector standard error line: 
TpTrace Information: 0 : 27268, 10, 2022/11/17, 12:33:15.488, 147602536809, vstest.console.dll, ProxyDataCollectionManager.InvokeDataCollectionServiceAction: Completed.
TpTrace Information: 0 : 27268, 9, 2022/11/17, 12:33:15.490, 147602557431, vstest.console.dll, DataCollectionLauncher.ExitCallBack: Data collector exited with exitcode: 0 error: ''
TpTrace Verbose: 0 : 27268, 10, 2022/11/17, 12:33:15.514, 147602795532, vstest.console.dll, TestRunRequest:SendTestRunStatsChange: Starting.
TpTrace Verbose: 0 : 27268, 10, 2022/11/17, 12:33:15.514, 147602796372, vstest.console.dll, MulticastDelegateUtilities.SafeInvoke: TestRun.RunStatsChanged: Invoking callbacks was skipped because there are no subscribers.
TpTrace Information: 0 : 27268, 10, 2022/11/17, 12:33:15.514, 147602796620, vstest.console.dll, TestRunRequest:SendTestRunStatsChange: Completed.
TpTrace Verbose: 0 : 27268, 4, 2022/11/17, 12:33:15.514, 147602796798, vstest.console.dll, MulticastDelegateUtilities.SafeInvoke: InternalTestLoggerEvents.SendTestResult: Invoking callback 1/1 for Microsoft.VisualStudio.TestPlatform.CommandLine.Internal.ConsoleLogger.TestResultHandler, took 0 ms.
TpTrace Verbose: 0 : 27268, 4, 2022/11/17, 12:33:15.514, 147602797364, vstest.console.dll, MulticastDelegateUtilities.SafeInvoke: InternalTestLoggerEvents.SendTestResult: Invoking callback 1/1 for Microsoft.VisualStudio.TestPlatform.CommandLine.Internal.ConsoleLogger.TestResultHandler, took 0 ms.
TpTrace Verbose: 0 : 27268, 10, 2022/11/17, 12:33:15.514, 147602798507, vstest.console.dll, ParallelProxyExecutionManager: HandlePartialRunComplete: Total completed clients = 1, Run complete = True, Run canceled: False.
TpTrace Verbose: 0 : 27268, 4, 2022/11/17, 12:33:15.515, 147602810516, vstest.console.dll, MulticastDelegateUtilities.SafeInvoke: InternalTestLoggerEvents.SendTestResult: Invoking callback 1/1 for Microsoft.VisualStudio.TestPlatform.CommandLine.Internal.ConsoleLogger.TestResultHandler, took 1 ms.
TpTrace Verbose: 0 : 27268, 4, 2022/11/17, 12:33:15.515, 147602811115, vstest.console.dll, MulticastDelegateUtilities.SafeInvoke: InternalTestLoggerEvents.SendTestResult: Invoking callback 1/1 for Microsoft.VisualStudio.TestPlatform.CommandLine.Internal.ConsoleLogger.TestResultHandler, took 0 ms.
TpTrace Verbose: 0 : 27268, 4, 2022/11/17, 12:33:15.515, 147602811798, vstest.console.dll, MulticastDelegateUtilities.SafeInvoke: InternalTestLoggerEvents.SendTestResult: Invoking callback 1/1 for Microsoft.VisualStudio.TestPlatform.CommandLine.Internal.ConsoleLogger.TestResultHandler, took 0 ms.
TpTrace Verbose: 0 : 27268, 4, 2022/11/17, 12:33:15.515, 147602812235, vstest.console.dll, MulticastDelegateUtilities.SafeInvoke: InternalTestLoggerEvents.SendTestResult: Invoking callback 1/1 for Microsoft.VisualStudio.TestPlatform.CommandLine.Internal.ConsoleLogger.TestResultHandler, took 0 ms.
TpTrace Verbose: 0 : 27268, 4, 2022/11/17, 12:33:15.515, 147602812577, vstest.console.dll, MulticastDelegateUtilities.SafeInvoke: InternalTestLoggerEvents.SendTestResult: Invoking callback 1/1 for Microsoft.VisualStudio.TestPlatform.CommandLine.Internal.ConsoleLogger.TestResultHandler, took 0 ms.
TpTrace Verbose: 0 : 27268, 4, 2022/11/17, 12:33:15.516, 147602812905, vstest.console.dll, MulticastDelegateUtilities.SafeInvoke: InternalTestLoggerEvents.SendTestResult: Invoking callback 1/1 for Microsoft.VisualStudio.TestPlatform.CommandLine.Internal.ConsoleLogger.TestResultHandler, took 0 ms.
TpTrace Verbose: 0 : 27268, 4, 2022/11/17, 12:33:15.516, 147602813304, vstest.console.dll, MulticastDelegateUtilities.SafeInvoke: InternalTestLoggerEvents.SendTestResult: Invoking callback 1/1 for Microsoft.VisualStudio.TestPlatform.CommandLine.Internal.ConsoleLogger.TestResultHandler, took 0 ms.
TpTrace Verbose: 0 : 27268, 4, 2022/11/17, 12:33:15.521, 147602864616, vstest.console.dll, MulticastDelegateUtilities.SafeInvoke: InternalTestLoggerEvents.SendTestRunComplete: Invoking callback 1/2 for Microsoft.TestPlatform.Extensions.BlameDataCollector.BlameLogger.TestRunCompleteHandler, took 0 ms.
TpTrace Verbose: 0 : 27268, 4, 2022/11/17, 12:33:15.524, 147602898407, vstest.console.dll, MulticastDelegateUtilities.SafeInvoke: InternalTestLoggerEvents.SendTestRunComplete: Invoking callback 2/2 for Microsoft.VisualStudio.TestPlatform.CommandLine.Internal.ConsoleLogger.TestRunCompleteHandler, took 3 ms.
TpTrace Verbose: 0 : 27268, 10, 2022/11/17, 12:33:15.524, 147602900999, vstest.console.dll, TestRunRequest:TestRunComplete: Starting. IsAborted:False IsCanceled:False.
TpTrace Verbose: 0 : 27268, 10, 2022/11/17, 12:33:15.525, 147602907895, vstest.console.dll, TestLoggerManager.HandleTestRunComplete: Ignoring as the object is disposed.
TpTrace Verbose: 0 : 27268, 10, 2022/11/17, 12:33:15.525, 147602909165, vstest.console.dll, MulticastDelegateUtilities.SafeInvoke: TestRun.TestRunComplete: Invoking callback 1/2 for Microsoft.VisualStudio.TestPlatform.CommandLine.TestRunResultAggregator.TestRunCompletionHandler, took 0 ms.
TpTrace Verbose: 0 : 27268, 10, 2022/11/17, 12:33:15.525, 147602909758, vstest.console.dll, MulticastDelegateUtilities.SafeInvoke: TestRun.TestRunComplete: Invoking callback 2/2 for Microsoft.VisualStudio.TestPlatform.CommandLine.Processors.RunTestsArgumentExecutor+TestRunRequestEventsRegistrar.TestRunRequest_OnRunCompletion, took 0 ms.
TpTrace Information: 0 : 27268, 10, 2022/11/17, 12:33:15.525, 147602910484, vstest.console.dll, TestRunRequest:TestRunComplete: Completed.
TpTrace Verbose: 0 : 27268, 1, 2022/11/17, 12:33:15.525, 147602910677, vstest.console.dll, TestRunRequest.Dispose: Starting.
TpTrace Verbose: 0 : 27268, 10, 2022/11/17, 12:33:15.525, 147602910814, vstest.console.dll, TestRequestSender.SetOperationComplete: Setting operation complete.
TpTrace Information: 0 : 27268, 1, 2022/11/17, 12:33:15.525, 147602911385, vstest.console.dll, TestRunRequest.Dispose: Completed.
TpTrace Information: 0 : 27268, 10, 2022/11/17, 12:33:15.525, 147602911518, vstest.console.dll, SocketServer.Stop: Stop server endPoint: 127.0.0.1:54637
TpTrace Information: 0 : 27268, 1, 2022/11/17, 12:33:15.525, 147602911802, vstest.console.dll, TestRequestManager.RunTests: run tests completed.
TpTrace Information: 0 : 27268, 10, 2022/11/17, 12:33:15.525, 147602912092, vstest.console.dll, SocketServer.Stop: Cancellation requested. Stopping message loop.
TpTrace Verbose: 0 : 27268, 10, 2022/11/17, 12:33:15.525, 147602912374, vstest.console.dll, MulticastDelegateUtilities.SafeInvoke: LengthPrefixCommunicationChannel: MessageReceived: Invoking callback 1/1 for Microsoft.VisualStudio.TestPlatform.CommunicationUtilities.TestRequestSender+<>c__DisplayClass31_0.<StartTestRun>b__1, took 59 ms.
TpTrace Information: 0 : 27268, 1, 2022/11/17, 12:33:15.525, 147602912368, vstest.console.dll, RunTestsArgumentProcessor:Execute: Test run is completed.
TpTrace Information: 0 : 27268, 10, 2022/11/17, 12:33:15.525, 147602912724, vstest.console.dll, SocketServer.PrivateStop: Stopping server endPoint: 127.0.0.1:54637 error: 
TpTrace Verbose: 0 : 27268, 1, 2022/11/17, 12:33:15.526, 147602913803, vstest.console.dll, Executor.Execute: Exiting with exit code of 0
TpTrace Verbose: 0 : 27268, 10, 2022/11/17, 12:33:15.526, 147602915795, vstest.console.dll, LengthPrefixCommunicationChannel.Dispose: Dispose reader and writer.
TpTrace Information: 0 : 27268, 10, 2022/11/17, 12:33:15.526, 147602916273, vstest.console.dll, SocketServer.Stop: Raise disconnected event endPoint: 127.0.0.1:54637 error: 
