<?xml version="1.0" encoding="utf-8"?>
<coverage line-rate="0.9767" branch-rate="1" version="1.9" timestamp="1668684795" lines-covered="42" lines-valid="43" branches-covered="23" branches-valid="23">
  <sources>
    <source>C:\Users\danie\</source>
  </sources>
  <packages>
    <package name="SnakeGameTest" line-rate="0.9767" branch-rate="1" complexity="30">
      <classes>
        <class name="AutoGeneratedProgram" filename=".nuget\packages\microsoft.net.test.sdk\17.1.0\build\netcoreapp2.1\Microsoft.NET.Test.Sdk.Program.cs" line-rate="0" branch-rate="1" complexity="1">
          <methods>
            <method name="Main" signature="(System.String[])" line-rate="0" branch-rate="1" complexity="1">
              <lines>
                <line number="4" hits="0" branch="False" />
              </lines>
            </method>
          </methods>
          <lines>
            <line number="4" hits="0" branch="False" />
          </lines>
        </class>
        <class name="SnakeGameTest.Tests" filename="OneDrive\Skrivebord\Skole\2.sem\TST\TST_Assignment4\Snake Game\SnakeGameTest\UnitTest1.cs" line-rate="1" branch-rate="1" complexity="4">
          <methods>
            <method name="SnakeSizeLessThan3" signature="()" line-rate="1" branch-rate="1" complexity="1">
              <lines>
                <line number="16" hits="1" branch="False" />
                <line number="17" hits="1" branch="False" />
                <line number="18" hits="2" branch="False" />
                <line number="19" hits="1" branch="False" />
              </lines>
            </method>
            <method name="TestGameState" signature="()" line-rate="1" branch-rate="1" complexity="1">
              <lines>
                <line number="23" hits="1" branch="False" />
                <line number="24" hits="1" branch="False" />
                <line number="25" hits="1" branch="False" />
                <line number="27" hits="1" branch="False" />
                <line number="29" hits="1" branch="False" />
                <line number="30" hits="1" branch="False" />
                <line number="31" hits="1" branch="False" />
              </lines>
            </method>
            <method name="PlayerMakesMove_InvalidMovement_ReturnsFalse" signature="(SnakeGameTest.Direction,SnakeGameTest.Direction)" line-rate="1" branch-rate="1" complexity="1">
              <lines>
                <line number="43" hits="8" branch="False" />
                <line number="44" hits="8" branch="False" />
                <line number="45" hits="8" branch="False" />
                <line number="46" hits="8" branch="False" />
              </lines>
            </method>
            <method name="PlayerMakesMove_ValidMovement_ReturnsTrue" signature="(SnakeGameTest.Direction,SnakeGameTest.Direction)" line-rate="1" branch-rate="1" complexity="1">
              <lines>
                <line number="59" hits="8" branch="False" />
                <line number="60" hits="8" branch="False" />
                <line number="61" hits="8" branch="False" />
                <line number="62" hits="8" branch="False" />
              </lines>
            </method>
          </methods>
          <lines>
            <line number="16" hits="1" branch="False" />
            <line number="17" hits="1" branch="False" />
            <line number="18" hits="2" branch="False" />
            <line number="19" hits="1" branch="False" />
            <line number="23" hits="1" branch="False" />
            <line number="24" hits="1" branch="False" />
            <line number="25" hits="1" branch="False" />
            <line number="27" hits="1" branch="False" />
            <line number="29" hits="1" branch="False" />
            <line number="30" hits="1" branch="False" />
            <line number="31" hits="1" branch="False" />
            <line number="43" hits="8" branch="False" />
            <line number="44" hits="8" branch="False" />
            <line number="45" hits="8" branch="False" />
            <line number="46" hits="8" branch="False" />
            <line number="59" hits="8" branch="False" />
            <line number="60" hits="8" branch="False" />
            <line number="61" hits="8" branch="False" />
            <line number="62" hits="8" branch="False" />
          </lines>
        </class>
        <class name="SnakeGameTest.Game" filename="OneDrive\Skrivebord\Skole\2.sem\TST\TST_Assignment4\Snake Game\SnakeGameTest\UnitTest1.cs" line-rate="1" branch-rate="1" complexity="25">
          <methods>
            <method name="get_SnakeSize" signature="()" line-rate="1" branch-rate="1" complexity="1">
              <lines>
                <line number="67" hits="18" branch="False" />
              </lines>
            </method>
            <method name="get_Direction" signature="()" line-rate="1" branch-rate="1" complexity="1">
              <lines>
                <line number="68" hits="34" branch="False" />
              </lines>
            </method>
            <method name="CanMove" signature="(SnakeGameTest.Direction)" line-rate="1" branch-rate="1" complexity="21">
              <lines>
                <line number="79" hits="16" branch="False" />
                <line number="80" hits="16" branch="True" condition-coverage="100% (21/21)">
                  <conditions>
                    <condition number="13" type="switch" coverage="100%" />
                    <condition number="38" type="jump" coverage="100%" />
                    <condition number="50" type="jump" coverage="100%" />
                    <condition number="61" type="jump" coverage="100%" />
                    <condition number="72" type="jump" coverage="100%" />
                    <condition number="44" type="jump" coverage="100%" />
                    <condition number="56" type="jump" coverage="100%" />
                    <condition number="67" type="jump" coverage="100%" />
                    <condition number="78" type="jump" coverage="100%" />
                  </conditions>
                </line>
                <line number="81" hits="16" branch="False" />
                <line number="82" hits="1" branch="False" />
                <line number="83" hits="1" branch="False" />
                <line number="84" hits="1" branch="False" />
                <line number="85" hits="1" branch="False" />
                <line number="86" hits="1" branch="False" />
                <line number="87" hits="1" branch="False" />
                <line number="88" hits="1" branch="False" />
                <line number="89" hits="1" branch="False" />
                <line number="90" hits="8" branch="False" />
                <line number="91" hits="16" branch="False" />
                <line number="92" hits="16" branch="False" />
              </lines>
            </method>
            <method name=".ctor" signature="(System.Int32,SnakeGameTest.Direction)" line-rate="1" branch-rate="1" complexity="2">
              <lines>
                <line number="70" hits="18" branch="False" />
                <line number="71" hits="18" branch="False" />
                <line number="72" hits="18" branch="True" condition-coverage="100% (2/2)">
                  <conditions>
                    <condition number="14" type="jump" coverage="100%" />
                  </conditions>
                </line>
                <line number="73" hits="1" branch="False" />
                <line number="75" hits="17" branch="False" />
                <line number="76" hits="17" branch="False" />
                <line number="77" hits="17" branch="False" />
              </lines>
            </method>
          </methods>
          <lines>
            <line number="67" hits="18" branch="False" />
            <line number="68" hits="34" branch="False" />
            <line number="79" hits="16" branch="False" />
            <line number="80" hits="16" branch="True" condition-coverage="100% (21/21)">
              <conditions>
                <condition number="13" type="switch" coverage="100%" />
                <condition number="38" type="jump" coverage="100%" />
                <condition number="50" type="jump" coverage="100%" />
                <condition number="61" type="jump" coverage="100%" />
                <condition number="72" type="jump" coverage="100%" />
                <condition number="44" type="jump" coverage="100%" />
                <condition number="56" type="jump" coverage="100%" />
                <condition number="67" type="jump" coverage="100%" />
                <condition number="78" type="jump" coverage="100%" />
              </conditions>
            </line>
            <line number="81" hits="16" branch="False" />
            <line number="82" hits="1" branch="False" />
            <line number="83" hits="1" branch="False" />
            <line number="84" hits="1" branch="False" />
            <line number="85" hits="1" branch="False" />
            <line number="86" hits="1" branch="False" />
            <line number="87" hits="1" branch="False" />
            <line number="88" hits="1" branch="False" />
            <line number="89" hits="1" branch="False" />
            <line number="90" hits="8" branch="False" />
            <line number="91" hits="16" branch="False" />
            <line number="92" hits="16" branch="False" />
            <line number="70" hits="18" branch="False" />
            <line number="71" hits="18" branch="False" />
            <line number="72" hits="18" branch="True" condition-coverage="100% (2/2)">
              <conditions>
                <condition number="14" type="jump" coverage="100%" />
              </conditions>
            </line>
            <line number="73" hits="1" branch="False" />
            <line number="75" hits="17" branch="False" />
            <line number="76" hits="17" branch="False" />
            <line number="77" hits="17" branch="False" />
          </lines>
        </class>
      </classes>
    </package>
  </packages>
</coverage>